{"/Users/noel/projects/roster_2/electron/main/auth/detect.ts": {"path":"/Users/noel/projects/roster_2/electron/main/auth/detect.ts","statementMap":{"0":{"start":{"line":26,"column":32},"end":{"line":26,"column":null}},"1":{"start":{"line":28,"column":42},"end":{"line":71,"column":null}},"2":{"start":{"line":37,"column":6},"end":{"line":37,"column":null}},"3":{"start":{"line":37,"column":59},"end":{"line":37,"column":null}},"4":{"start":{"line":38,"column":19},"end":{"line":38,"column":null}},"5":{"start":{"line":39,"column":6},"end":{"line":39,"column":null}},"6":{"start":{"line":48,"column":18},"end":{"line":48,"column":null}},"7":{"start":{"line":49,"column":6},"end":{"line":49,"column":null}},"8":{"start":{"line":49,"column":24},"end":{"line":49,"column":null}},"9":{"start":{"line":50,"column":6},"end":{"line":58,"column":null}},"10":{"start":{"line":51,"column":23},"end":{"line":51,"column":null}},"11":{"start":{"line":52,"column":8},"end":{"line":52,"column":null}},"12":{"start":{"line":52,"column":44},"end":{"line":52,"column":null}},"13":{"start":{"line":53,"column":8},"end":{"line":53,"column":null}},"14":{"start":{"line":53,"column":43},"end":{"line":53,"column":null}},"15":{"start":{"line":54,"column":8},"end":{"line":54,"column":null}},"16":{"start":{"line":57,"column":8},"end":{"line":57,"column":null}},"17":{"start":{"line":67,"column":19},"end":{"line":67,"column":null}},"18":{"start":{"line":68,"column":6},"end":{"line":68,"column":null}},"19":{"start":{"line":74,"column":2},"end":{"line":77,"column":null}},"20":{"start":{"line":75,"column":18},"end":{"line":75,"column":null}},"21":{"start":{"line":76,"column":4},"end":{"line":76,"column":null}},"22":{"start":{"line":81,"column":15},"end":{"line":81,"column":null}},"23":{"start":{"line":85,"column":2},"end":{"line":96,"column":null}},"24":{"start":{"line":86,"column":17},"end":{"line":86,"column":null}},"25":{"start":{"line":87,"column":4},"end":{"line":95,"column":null}},"26":{"start":{"line":98,"column":15},"end":{"line":98,"column":null}},"27":{"start":{"line":99,"column":2},"end":{"line":108,"column":null}},"28":{"start":{"line":100,"column":4},"end":{"line":107,"column":null}},"29":{"start":{"line":110,"column":18},"end":{"line":110,"column":null}},"30":{"start":{"line":113,"column":25},"end":{"line":113,"column":null}},"31":{"start":{"line":115,"column":2},"end":{"line":124,"column":null}},"32":{"start":{"line":128,"column":2},"end":{"line":128,"column":null}}},"fnMap":{"0":{"name":"resolveAuth","decl":{"start":{"line":34,"column":10},"end":{"line":34,"column":22}},"loc":{"start":{"line":34,"column":28},"end":{"line":40,"column":null}},"line":34},"1":{"name":"resolveAuth_2","decl":{"start":{"line":47,"column":10},"end":{"line":47,"column":22}},"loc":{"start":{"line":47,"column":28},"end":{"line":59,"column":null}},"line":47},"2":{"name":"resolveAuth_3","decl":{"start":{"line":66,"column":10},"end":{"line":66,"column":22}},"loc":{"start":{"line":66,"column":28},"end":{"line":69,"column":null}},"line":66},"3":{"name":"hasApiKey","decl":{"start":{"line":73,"column":9},"end":{"line":73,"column":19}},"loc":{"start":{"line":73,"column":70},"end":{"line":78,"column":null}},"line":73},"4":{"name":"(anonymous_4)","decl":{"start":{"line":74,"column":29},"end":{"line":74,"column":30}},"loc":{"start":{"line":74,"column":39},"end":{"line":77,"column":3}},"line":74},"5":{"name":"detectRunner","decl":{"start":{"line":80,"column":22},"end":{"line":80,"column":35}},"loc":{"start":{"line":80,"column":90},"end":{"line":125,"column":null}},"line":80},"6":{"name":"builtinRunnerIds","decl":{"start":{"line":127,"column":16},"end":{"line":127,"column":45}},"loc":{"start":{"line":127,"column":45},"end":{"line":129,"column":null}},"line":127}},"branchMap":{"0":{"loc":{"start":{"line":37,"column":6},"end":{"line":37,"column":null}},"type":"if","locations":[{"start":{"line":37,"column":6},"end":{"line":37,"column":null}},{"start":{},"end":{}}],"line":37},"1":{"loc":{"start":{"line":39,"column":13},"end":{"line":39,"column":null}},"type":"cond-expr","locations":[{"start":{"line":39,"column":29},"end":{"line":39,"column":46}},{"start":{"line":39,"column":46},"end":{"line":39,"column":null}}],"line":39},"2":{"loc":{"start":{"line":49,"column":6},"end":{"line":49,"column":null}},"type":"if","locations":[{"start":{"line":49,"column":6},"end":{"line":49,"column":null}},{"start":{},"end":{}}],"line":49},"3":{"loc":{"start":{"line":52,"column":8},"end":{"line":52,"column":null}},"type":"if","locations":[{"start":{"line":52,"column":8},"end":{"line":52,"column":null}},{"start":{},"end":{}}],"line":52},"4":{"loc":{"start":{"line":53,"column":8},"end":{"line":53,"column":null}},"type":"if","locations":[{"start":{"line":53,"column":8},"end":{"line":53,"column":null}},{"start":{},"end":{}}],"line":53},"5":{"loc":{"start":{"line":68,"column":13},"end":{"line":68,"column":null}},"type":"cond-expr","locations":[{"start":{"line":68,"column":29},"end":{"line":68,"column":46}},{"start":{"line":68,"column":46},"end":{"line":68,"column":null}}],"line":68},"6":{"loc":{"start":{"line":76,"column":11},"end":{"line":76,"column":null}},"type":"binary-expr","locations":[{"start":{"line":76,"column":11},"end":{"line":76,"column":40}},{"start":{"line":76,"column":40},"end":{"line":76,"column":null}}],"line":76},"7":{"loc":{"start":{"line":85,"column":2},"end":{"line":96,"column":null}},"type":"if","locations":[{"start":{"line":85,"column":2},"end":{"line":96,"column":null}},{"start":{},"end":{}}],"line":85},"8":{"loc":{"start":{"line":93,"column":10},"end":{"line":93,"column":null}},"type":"cond-expr","locations":[{"start":{"line":93,"column":26},"end":{"line":93,"column":37}},{"start":{"line":93,"column":37},"end":{"line":93,"column":null}}],"line":93},"9":{"loc":{"start":{"line":94,"column":10},"end":{"line":94,"column":null}},"type":"cond-expr","locations":[{"start":{"line":94,"column":26},"end":{"line":94,"column":67}},{"start":{"line":94,"column":67},"end":{"line":94,"column":null}}],"line":94},"10":{"loc":{"start":{"line":99,"column":2},"end":{"line":108,"column":null}},"type":"if","locations":[{"start":{"line":99,"column":2},"end":{"line":108,"column":null}},{"start":{},"end":{}}],"line":99},"11":{"loc":{"start":{"line":113,"column":25},"end":{"line":113,"column":null}},"type":"cond-expr","locations":[{"start":{"line":113,"column":53},"end":{"line":113,"column":65}},{"start":{"line":113,"column":65},"end":{"line":113,"column":null}}],"line":113},"12":{"loc":{"start":{"line":122,"column":8},"end":{"line":122,"column":null}},"type":"cond-expr","locations":[{"start":{"line":122,"column":27},"end":{"line":122,"column":41}},{"start":{"line":122,"column":41},"end":{"line":122,"column":null}}],"line":122},"13":{"loc":{"start":{"line":123,"column":8},"end":{"line":123,"column":null}},"type":"cond-expr","locations":[{"start":{"line":123,"column":26},"end":{"line":123,"column":76}},{"start":{"line":123,"column":76},"end":{"line":123,"column":null}}],"line":123}},"s":{"0":6,"1":6,"2":4,"3":2,"4":2,"5":2,"6":4,"7":4,"8":0,"9":4,"10":4,"11":4,"12":2,"13":1,"14":1,"15":0,"16":1,"17":0,"18":0,"19":10,"20":14,"21":14,"22":18,"23":18,"24":3,"25":3,"26":15,"27":15,"28":5,"29":10,"30":10,"31":8,"32":1},"f":{"0":4,"1":4,"2":0,"3":10,"4":14,"5":18,"6":1},"b":{"0":[2,2],"1":[1,1],"2":[0,4],"3":[2,2],"4":[1,0],"5":[0,0],"6":[14,2],"7":[3,15],"8":[1,2],"9":[2,1],"10":[5,10],"11":[2,8],"12":[10,0],"13":[2,8]},"meta":{"lastBranch":14,"lastFunction":7,"lastStatement":33,"seen":{"s:26:32:26:Infinity":0,"s:28:42:71:Infinity":1,"f:34:10:34:22":0,"b:37:6:37:Infinity:undefined:undefined:undefined:undefined":0,"s:37:6:37:Infinity":2,"s:37:59:37:Infinity":3,"s:38:19:38:Infinity":4,"s:39:6:39:Infinity":5,"b:39:29:39:46:39:46:39:Infinity":1,"f:47:10:47:22":1,"s:48:18:48:Infinity":6,"b:49:6:49:Infinity:undefined:undefined:undefined:undefined":2,"s:49:6:49:Infinity":7,"s:49:24:49:Infinity":8,"s:50:6:58:Infinity":9,"s:51:23:51:Infinity":10,"b:52:8:52:Infinity:undefined:undefined:undefined:undefined":3,"s:52:8:52:Infinity":11,"s:52:44:52:Infinity":12,"b:53:8:53:Infinity:undefined:undefined:undefined:undefined":4,"s:53:8:53:Infinity":13,"s:53:43:53:Infinity":14,"s:54:8:54:Infinity":15,"s:57:8:57:Infinity":16,"f:66:10:66:22":2,"s:67:19:67:Infinity":17,"s:68:6:68:Infinity":18,"b:68:29:68:46:68:46:68:Infinity":5,"f:73:9:73:19":3,"s:74:2:77:Infinity":19,"f:74:29:74:30":4,"s:75:18:75:Infinity":20,"s:76:4:76:Infinity":21,"b:76:11:76:40:76:40:76:Infinity":6,"f:80:22:80:35":5,"s:81:15:81:Infinity":22,"b:85:2:96:Infinity:undefined:undefined:undefined:undefined":7,"s:85:2:96:Infinity":23,"s:86:17:86:Infinity":24,"s:87:4:95:Infinity":25,"b:93:26:93:37:93:37:93:Infinity":8,"b:94:26:94:67:94:67:94:Infinity":9,"s:98:15:98:Infinity":26,"b:99:2:108:Infinity:undefined:undefined:undefined:undefined":10,"s:99:2:108:Infinity":27,"s:100:4:107:Infinity":28,"s:110:18:110:Infinity":29,"s:113:25:113:Infinity":30,"b:113:53:113:65:113:65:113:Infinity":11,"s:115:2:124:Infinity":31,"b:122:27:122:41:122:41:122:Infinity":12,"b:123:26:123:76:123:76:123:Infinity":13,"f:127:16:127:45":6,"s:128:2:128:Infinity":32},"fnNames":{}}}
,"/Users/noel/projects/roster_2/electron/main/auth/probes.ts": {"path":"/Users/noel/projects/roster_2/electron/main/auth/probes.ts","statementMap":{"0":{"start":{"line":8,"column":6},"end":{"line":8,"column":null}},"1":{"start":{"line":11,"column":25},"end":{"line":11,"column":null}},"2":{"start":{"line":24,"column":16},"end":{"line":24,"column":null}},"3":{"start":{"line":25,"column":8},"end":{"line":27,"column":null}},"4":{"start":{"line":27,"column":21},"end":{"line":27,"column":80}},"5":{"start":{"line":29,"column":18},"end":{"line":29,"column":null}},"6":{"start":{"line":29,"column":40},"end":{"line":29,"column":64}},"7":{"start":{"line":30,"column":2},"end":{"line":30,"column":null}},"8":{"start":{"line":33,"column":29},"end":{"line":81,"column":null}},"9":{"start":{"line":35,"column":4},"end":{"line":44,"column":null}},"10":{"start":{"line":36,"column":25},"end":{"line":39,"column":null}},"11":{"start":{"line":40,"column":19},"end":{"line":40,"column":null}},"12":{"start":{"line":41,"column":6},"end":{"line":41,"column":null}},"13":{"start":{"line":43,"column":6},"end":{"line":43,"column":null}},"14":{"start":{"line":48,"column":4},"end":{"line":57,"column":null}},"15":{"start":{"line":49,"column":25},"end":{"line":52,"column":null}},"16":{"start":{"line":54,"column":6},"end":{"line":54,"column":null}},"17":{"start":{"line":56,"column":6},"end":{"line":56,"column":null}},"18":{"start":{"line":61,"column":4},"end":{"line":65,"column":null}},"19":{"start":{"line":62,"column":6},"end":{"line":62,"column":null}},"20":{"start":{"line":64,"column":6},"end":{"line":64,"column":null}},"21":{"start":{"line":69,"column":4},"end":{"line":69,"column":null}},"22":{"start":{"line":69,"column":39},"end":{"line":69,"column":null}},"23":{"start":{"line":70,"column":4},"end":{"line":77,"column":null}},"24":{"start":{"line":71,"column":6},"end":{"line":73,"column":null}},"25":{"start":{"line":74,"column":6},"end":{"line":74,"column":null}},"26":{"start":{"line":76,"column":6},"end":{"line":76,"column":null}},"27":{"start":{"line":88,"column":14},"end":{"line":88,"column":null}},"28":{"start":{"line":89,"column":19},"end":{"line":89,"column":null}},"29":{"start":{"line":89,"column":46},"end":{"line":89,"column":79}},"30":{"start":{"line":90,"column":2},"end":{"line":90,"column":null}},"31":{"start":{"line":90,"column":42},"end":{"line":90,"column":61}}},"fnMap":{"0":{"name":"augmentedEnv","decl":{"start":{"line":23,"column":16},"end":{"line":23,"column":50}},"loc":{"start":{"line":23,"column":50},"end":{"line":31,"column":null}},"line":23},"1":{"name":"(anonymous_1)","decl":{"start":{"line":27,"column":12},"end":{"line":27,"column":13}},"loc":{"start":{"line":27,"column":21},"end":{"line":27,"column":80}},"line":27},"2":{"name":"(anonymous_2)","decl":{"start":{"line":29,"column":31},"end":{"line":29,"column":32}},"loc":{"start":{"line":29,"column":40},"end":{"line":29,"column":64}},"line":29},"3":{"name":"which","decl":{"start":{"line":34,"column":8},"end":{"line":34,"column":14}},"loc":{"start":{"line":34,"column":23},"end":{"line":45,"column":null}},"line":34},"4":{"name":"version","decl":{"start":{"line":47,"column":8},"end":{"line":47,"column":16}},"loc":{"start":{"line":47,"column":25},"end":{"line":58,"column":null}},"line":47},"5":{"name":"readFile","decl":{"start":{"line":60,"column":8},"end":{"line":60,"column":17}},"loc":{"start":{"line":60,"column":23},"end":{"line":66,"column":null}},"line":60},"6":{"name":"keychainHas","decl":{"start":{"line":68,"column":8},"end":{"line":68,"column":20}},"loc":{"start":{"line":68,"column":29},"end":{"line":78,"column":null}},"line":68},"7":{"name":"detectAllRunners","decl":{"start":{"line":87,"column":22},"end":{"line":87,"column":39}},"loc":{"start":{"line":87,"column":100},"end":{"line":91,"column":null}},"line":87},"8":{"name":"(anonymous_8)","decl":{"start":{"line":89,"column":45},"end":{"line":89,"column":46}},"loc":{"start":{"line":89,"column":46},"end":{"line":89,"column":79}},"line":89},"9":{"name":"(anonymous_9)","decl":{"start":{"line":90,"column":30},"end":{"line":90,"column":31}},"loc":{"start":{"line":90,"column":42},"end":{"line":90,"column":61}},"line":90}},"branchMap":{"0":{"loc":{"start":{"line":25,"column":21},"end":{"line":25,"column":null}},"type":"binary-expr","locations":[{"start":{"line":25,"column":21},"end":{"line":25,"column":44}},{"start":{"line":25,"column":44},"end":{"line":25,"column":null}}],"line":25},"1":{"loc":{"start":{"line":27,"column":21},"end":{"line":27,"column":80}},"type":"binary-expr","locations":[{"start":{"line":27,"column":21},"end":{"line":27,"column":35}},{"start":{"line":27,"column":35},"end":{"line":27,"column":80}}],"line":27},"2":{"loc":{"start":{"line":41,"column":13},"end":{"line":41,"column":null}},"type":"cond-expr","locations":[{"start":{"line":41,"column":27},"end":{"line":41,"column":34}},{"start":{"line":41,"column":34},"end":{"line":41,"column":null}}],"line":41},"3":{"loc":{"start":{"line":54,"column":13},"end":{"line":54,"column":null}},"type":"binary-expr","locations":[{"start":{"line":54,"column":13},"end":{"line":54,"column":50}},{"start":{"line":54,"column":50},"end":{"line":54,"column":82}},{"start":{"line":54,"column":82},"end":{"line":54,"column":null}}],"line":54},"4":{"loc":{"start":{"line":69,"column":4},"end":{"line":69,"column":null}},"type":"if","locations":[{"start":{"line":69,"column":4},"end":{"line":69,"column":null}},{"start":{},"end":{}}],"line":69},"5":{"loc":{"start":{"line":87,"column":39},"end":{"line":87,"column":100}},"type":"default-arg","locations":[{"start":{"line":87,"column":60},"end":{"line":87,"column":100}}],"line":87}},"s":{"0":5,"1":5,"2":25,"3":25,"4":609,"5":25,"6":75,"7":25,"8":5,"9":4,"10":4,"11":2,"12":2,"13":2,"14":2,"15":2,"16":2,"17":0,"18":1,"19":1,"20":0,"21":1,"22":0,"23":1,"24":1,"25":1,"26":0,"27":1,"28":1,"29":4,"30":1,"31":4},"f":{"0":25,"1":609,"2":75,"3":4,"4":2,"5":1,"6":1,"7":1,"8":4,"9":4},"b":{"0":[25,1],"1":[609,607],"2":[0,2],"3":[2,0,0],"4":[0,1],"5":[1]},"meta":{"lastBranch":6,"lastFunction":10,"lastStatement":32,"seen":{"s:8:6:8:Infinity":0,"s:11:25:11:Infinity":1,"f:23:16:23:50":0,"s:24:16:24:Infinity":2,"s:25:8:27:Infinity":3,"b:25:21:25:44:25:44:25:Infinity":0,"f:27:12:27:13":1,"s:27:21:27:80":4,"b:27:21:27:35:27:35:27:80":1,"s:29:18:29:Infinity":5,"f:29:31:29:32":2,"s:29:40:29:64":6,"s:30:2:30:Infinity":7,"s:33:29:81:Infinity":8,"f:34:8:34:14":3,"s:35:4:44:Infinity":9,"s:36:25:39:Infinity":10,"s:40:19:40:Infinity":11,"s:41:6:41:Infinity":12,"b:41:27:41:34:41:34:41:Infinity":2,"s:43:6:43:Infinity":13,"f:47:8:47:16":4,"s:48:4:57:Infinity":14,"s:49:25:52:Infinity":15,"s:54:6:54:Infinity":16,"b:54:13:54:50:54:50:54:82:54:82:54:Infinity":3,"s:56:6:56:Infinity":17,"f:60:8:60:17":5,"s:61:4:65:Infinity":18,"s:62:6:62:Infinity":19,"s:64:6:64:Infinity":20,"f:68:8:68:20":6,"b:69:4:69:Infinity:undefined:undefined:undefined:undefined":4,"s:69:4:69:Infinity":21,"s:69:39:69:Infinity":22,"s:70:4:77:Infinity":23,"s:71:6:73:Infinity":24,"s:74:6:74:Infinity":25,"s:76:6:76:Infinity":26,"f:87:22:87:39":7,"b:87:60:87:100":5,"s:88:14:88:Infinity":27,"s:89:19:89:Infinity":28,"f:89:45:89:46":8,"s:89:46:89:79":29,"s:90:2:90:Infinity":30,"f:90:30:90:31":9,"s:90:42:90:61":31},"fnNames":{}}}
,"/Users/noel/projects/roster_2/electron/main/db/index.ts": {"path":"/Users/noel/projects/roster_2/electron/main/db/index.ts","statementMap":{"0":{"start":{"line":14,"column":2},"end":{"line":14,"column":null}},"1":{"start":{"line":14,"column":27},"end":{"line":14,"column":null}},"2":{"start":{"line":16,"column":13},"end":{"line":16,"column":null}},"3":{"start":{"line":17,"column":2},"end":{"line":17,"column":null}},"4":{"start":{"line":18,"column":2},"end":{"line":18,"column":null}},"5":{"start":{"line":19,"column":2},"end":{"line":19,"column":null}},"6":{"start":{"line":20,"column":2},"end":{"line":20,"column":null}},"7":{"start":{"line":24,"column":16},"end":{"line":24,"column":null}},"8":{"start":{"line":25,"column":18},"end":{"line":25,"column":null}},"9":{"start":{"line":27,"column":2},"end":{"line":36,"column":null}},"10":{"start":{"line":27,"column":21},"end":{"line":27,"column":30}},"11":{"start":{"line":28,"column":16},"end":{"line":28,"column":null}},"12":{"start":{"line":29,"column":4},"end":{"line":29,"column":null}},"13":{"start":{"line":29,"column":27},"end":{"line":29,"column":null}},"14":{"start":{"line":31,"column":4},"end":{"line":35,"column":null}},"15":{"start":{"line":32,"column":6},"end":{"line":32,"column":null}},"16":{"start":{"line":34,"column":6},"end":{"line":34,"column":null}}},"fnMap":{"0":{"name":"openDatabase","decl":{"start":{"line":13,"column":16},"end":{"line":13,"column":29}},"loc":{"start":{"line":13,"column":47},"end":{"line":21,"column":null}},"line":13},"1":{"name":"migrate","decl":{"start":{"line":23,"column":16},"end":{"line":23,"column":24}},"loc":{"start":{"line":23,"column":38},"end":{"line":37,"column":null}},"line":23},"2":{"name":"(anonymous_2)","decl":{"start":{"line":31,"column":19},"end":{"line":31,"column":25}},"loc":{"start":{"line":31,"column":25},"end":{"line":35,"column":5}},"line":31}},"branchMap":{"0":{"loc":{"start":{"line":14,"column":2},"end":{"line":14,"column":null}},"type":"if","locations":[{"start":{"line":14,"column":2},"end":{"line":14,"column":null}},{"start":{},"end":{}}],"line":14},"1":{"loc":{"start":{"line":25,"column":18},"end":{"line":25,"column":null}},"type":"binary-expr","locations":[{"start":{"line":25,"column":18},"end":{"line":25,"column":39}},{"start":{"line":25,"column":39},"end":{"line":25,"column":null}}],"line":25},"2":{"loc":{"start":{"line":29,"column":4},"end":{"line":29,"column":null}},"type":"if","locations":[{"start":{"line":29,"column":4},"end":{"line":29,"column":null}},{"start":{},"end":{}}],"line":29}},"s":{"0":44,"1":0,"2":44,"3":44,"4":44,"5":44,"6":44,"7":44,"8":44,"9":44,"10":44,"11":44,"12":44,"13":0,"14":44,"15":44,"16":44},"f":{"0":44,"1":44,"2":44},"b":{"0":[0,44],"1":[44,0],"2":[0,44]},"meta":{"lastBranch":3,"lastFunction":3,"lastStatement":17,"seen":{"f:13:16:13:29":0,"b:14:2:14:Infinity:undefined:undefined:undefined:undefined":0,"s:14:2:14:Infinity":0,"s:14:27:14:Infinity":1,"s:16:13:16:Infinity":2,"s:17:2:17:Infinity":3,"s:18:2:18:Infinity":4,"s:19:2:19:Infinity":5,"s:20:2:20:Infinity":6,"f:23:16:23:24":1,"s:24:16:24:Infinity":7,"s:25:18:25:Infinity":8,"b:25:18:25:39:25:39:25:Infinity":1,"s:27:2:36:Infinity":9,"s:27:21:27:30":10,"s:28:16:28:Infinity":11,"b:29:4:29:Infinity:undefined:undefined:undefined:undefined":2,"s:29:4:29:Infinity":12,"s:29:27:29:Infinity":13,"s:31:4:35:Infinity":14,"f:31:19:31:25":2,"s:32:6:32:Infinity":15,"s:34:6:34:Infinity":16},"fnNames":{}}}
,"/Users/noel/projects/roster_2/electron/main/db/migrations.ts": {"path":"/Users/noel/projects/roster_2/electron/main/db/migrations.ts","statementMap":{"0":{"start":{"line":5,"column":45},"end":{"line":53,"column":null}}},"fnMap":{},"branchMap":{},"s":{"0":3},"f":{},"b":{},"meta":{"lastBranch":0,"lastFunction":0,"lastStatement":1,"seen":{"s:5:45:53:Infinity":0},"fnNames":{}}}
,"/Users/noel/projects/roster_2/electron/main/pty/manager.ts": {"path":"/Users/noel/projects/roster_2/electron/main/pty/manager.ts","statementMap":{"0":{"start":{"line":16,"column":2},"end":{"line":16,"column":null}},"1":{"start":{"line":16,"column":36},"end":{"line":16,"column":null}},"2":{"start":{"line":17,"column":2},"end":{"line":17,"column":null}},"3":{"start":{"line":27,"column":17},"end":{"line":27,"column":null}},"4":{"start":{"line":28,"column":22},"end":{"line":28,"column":null}},"5":{"start":{"line":29,"column":26},"end":{"line":29,"column":null}},"6":{"start":{"line":32,"column":4},"end":{"line":32,"column":null}},"7":{"start":{"line":33,"column":4},"end":{"line":33,"column":null}},"8":{"start":{"line":33,"column":17},"end":{"line":33,"column":null}},"9":{"start":{"line":37,"column":4},"end":{"line":37,"column":null}},"10":{"start":{"line":38,"column":4},"end":{"line":38,"column":null}},"11":{"start":{"line":38,"column":17},"end":{"line":38,"column":null}},"12":{"start":{"line":43,"column":21},"end":{"line":43,"column":null}},"13":{"start":{"line":44,"column":4},"end":{"line":44,"column":null}},"14":{"start":{"line":44,"column":18},"end":{"line":44,"column":null}},"15":{"start":{"line":46,"column":18},"end":{"line":46,"column":null}},"16":{"start":{"line":47,"column":10},"end":{"line":53,"column":null}},"17":{"start":{"line":55,"column":4},"end":{"line":57,"column":null}},"18":{"start":{"line":56,"column":6},"end":{"line":56,"column":null}},"19":{"start":{"line":56,"column":45},"end":{"line":56,"column":null}},"20":{"start":{"line":59,"column":4},"end":{"line":62,"column":null}},"21":{"start":{"line":60,"column":6},"end":{"line":60,"column":null}},"22":{"start":{"line":61,"column":6},"end":{"line":61,"column":null}},"23":{"start":{"line":61,"column":49},"end":{"line":61,"column":null}},"24":{"start":{"line":64,"column":4},"end":{"line":64,"column":null}},"25":{"start":{"line":65,"column":4},"end":{"line":65,"column":null}},"26":{"start":{"line":69,"column":4},"end":{"line":69,"column":null}},"27":{"start":{"line":73,"column":19},"end":{"line":73,"column":null}},"28":{"start":{"line":74,"column":4},"end":{"line":74,"column":null}},"29":{"start":{"line":74,"column":17},"end":{"line":74,"column":null}},"30":{"start":{"line":77,"column":4},"end":{"line":77,"column":null}},"31":{"start":{"line":77,"column":40},"end":{"line":77,"column":null}},"32":{"start":{"line":78,"column":4},"end":{"line":78,"column":null}},"33":{"start":{"line":82,"column":19},"end":{"line":82,"column":null}},"34":{"start":{"line":83,"column":4},"end":{"line":83,"column":null}},"35":{"start":{"line":83,"column":17},"end":{"line":83,"column":null}},"36":{"start":{"line":85,"column":4},"end":{"line":85,"column":null}},"37":{"start":{"line":86,"column":4},"end":{"line":86,"column":null}},"38":{"start":{"line":90,"column":4},"end":{"line":90,"column":null}},"39":{"start":{"line":94,"column":4},"end":{"line":94,"column":null}},"40":{"start":{"line":94,"column":34},"end":{"line":94,"column":null}},"41":{"start":{"line":95,"column":4},"end":{"line":95,"column":null}},"42":{"start":{"line":96,"column":4},"end":{"line":96,"column":null}}},"fnMap":{"0":{"name":"defaultShell","decl":{"start":{"line":15,"column":9},"end":{"line":15,"column":32}},"loc":{"start":{"line":15,"column":32},"end":{"line":18,"column":null}},"line":15},"1":{"name":"onData","decl":{"start":{"line":31,"column":2},"end":{"line":31,"column":9}},"loc":{"start":{"line":31,"column":74},"end":{"line":34,"column":null}},"line":31},"2":{"name":"(anonymous_2)","decl":{"start":{"line":33,"column":11},"end":{"line":33,"column":17}},"loc":{"start":{"line":33,"column":17},"end":{"line":33,"column":null}},"line":33},"3":{"name":"onExit","decl":{"start":{"line":36,"column":2},"end":{"line":36,"column":9}},"loc":{"start":{"line":36,"column":74},"end":{"line":39,"column":null}},"line":36},"4":{"name":"(anonymous_4)","decl":{"start":{"line":38,"column":11},"end":{"line":38,"column":17}},"loc":{"start":{"line":38,"column":17},"end":{"line":38,"column":null}},"line":38},"5":{"name":"open","decl":{"start":{"line":42,"column":2},"end":{"line":42,"column":7}},"loc":{"start":{"line":42,"column":86},"end":{"line":66,"column":null}},"line":42},"6":{"name":"(anonymous_6)","decl":{"start":{"line":55,"column":15},"end":{"line":55,"column":16}},"loc":{"start":{"line":55,"column":25},"end":{"line":57,"column":5}},"line":55},"7":{"name":"(anonymous_7)","decl":{"start":{"line":59,"column":15},"end":{"line":59,"column":16}},"loc":{"start":{"line":59,"column":33},"end":{"line":62,"column":5}},"line":59},"8":{"name":"write","decl":{"start":{"line":68,"column":2},"end":{"line":68,"column":8}},"loc":{"start":{"line":68,"column":47},"end":{"line":70,"column":null}},"line":68},"9":{"name":"resize","decl":{"start":{"line":72,"column":2},"end":{"line":72,"column":9}},"loc":{"start":{"line":72,"column":49},"end":{"line":79,"column":null}},"line":72},"10":{"name":"close","decl":{"start":{"line":81,"column":2},"end":{"line":81,"column":8}},"loc":{"start":{"line":81,"column":33},"end":{"line":87,"column":null}},"line":81},"11":{"name":"isOpen","decl":{"start":{"line":89,"column":2},"end":{"line":89,"column":9}},"loc":{"start":{"line":89,"column":37},"end":{"line":91,"column":null}},"line":89},"12":{"name":"disposeAll","decl":{"start":{"line":93,"column":2},"end":{"line":93,"column":21}},"loc":{"start":{"line":93,"column":21},"end":{"line":97,"column":null}},"line":93}},"branchMap":{"0":{"loc":{"start":{"line":16,"column":2},"end":{"line":16,"column":null}},"type":"if","locations":[{"start":{"line":16,"column":2},"end":{"line":16,"column":null}},{"start":{},"end":{}}],"line":16},"1":{"loc":{"start":{"line":16,"column":43},"end":{"line":16,"column":null}},"type":"binary-expr","locations":[{"start":{"line":16,"column":43},"end":{"line":16,"column":69}},{"start":{"line":16,"column":69},"end":{"line":16,"column":null}}],"line":16},"2":{"loc":{"start":{"line":17,"column":9},"end":{"line":17,"column":null}},"type":"binary-expr","locations":[{"start":{"line":17,"column":9},"end":{"line":17,"column":33}},{"start":{"line":17,"column":33},"end":{"line":17,"column":null}}],"line":17},"3":{"loc":{"start":{"line":44,"column":4},"end":{"line":44,"column":null}},"type":"if","locations":[{"start":{"line":44,"column":4},"end":{"line":44,"column":null}},{"start":{},"end":{}}],"line":44},"4":{"loc":{"start":{"line":74,"column":4},"end":{"line":74,"column":null}},"type":"if","locations":[{"start":{"line":74,"column":4},"end":{"line":74,"column":null}},{"start":{},"end":{}}],"line":74},"5":{"loc":{"start":{"line":77,"column":4},"end":{"line":77,"column":null}},"type":"if","locations":[{"start":{"line":77,"column":4},"end":{"line":77,"column":null}},{"start":{},"end":{}}],"line":77},"6":{"loc":{"start":{"line":77,"column":8},"end":{"line":77,"column":40}},"type":"binary-expr","locations":[{"start":{"line":77,"column":8},"end":{"line":77,"column":25}},{"start":{"line":77,"column":25},"end":{"line":77,"column":40}}],"line":77},"7":{"loc":{"start":{"line":83,"column":4},"end":{"line":83,"column":null}},"type":"if","locations":[{"start":{"line":83,"column":4},"end":{"line":83,"column":null}},{"start":{},"end":{}}],"line":83}},"s":{"0":12,"1":0,"2":12,"3":12,"4":12,"5":12,"6":3,"7":3,"8":3,"9":1,"10":1,"11":0,"12":13,"13":13,"14":1,"15":12,"16":12,"17":12,"18":6,"19":2,"20":12,"21":12,"22":12,"23":1,"24":12,"25":12,"26":5,"27":2,"28":2,"29":0,"30":2,"31":1,"32":1,"33":12,"34":12,"35":1,"36":11,"37":11,"38":7,"39":13,"40":10,"41":13,"42":13},"f":{"0":12,"1":3,"2":3,"3":1,"4":0,"5":13,"6":6,"7":12,"8":5,"9":2,"10":12,"11":7,"12":13},"b":{"0":[0,12],"1":[0,0],"2":[12,0],"3":[1,12],"4":[0,2],"5":[1,1],"6":[2,1],"7":[1,11]},"meta":{"lastBranch":8,"lastFunction":13,"lastStatement":43,"seen":{"f:15:9:15:32":0,"b:16:2:16:Infinity:undefined:undefined:undefined:undefined":0,"s:16:2:16:Infinity":0,"s:16:36:16:Infinity":1,"b:16:43:16:69:16:69:16:Infinity":1,"s:17:2:17:Infinity":2,"b:17:9:17:33:17:33:17:Infinity":2,"s:27:17:27:Infinity":3,"s:28:22:28:Infinity":4,"s:29:26:29:Infinity":5,"f:31:2:31:9":1,"s:32:4:32:Infinity":6,"s:33:4:33:Infinity":7,"f:33:11:33:17":2,"s:33:17:33:Infinity":8,"f:36:2:36:9":3,"s:37:4:37:Infinity":9,"s:38:4:38:Infinity":10,"f:38:11:38:17":4,"s:38:17:38:Infinity":11,"f:42:2:42:7":5,"s:43:21:43:Infinity":12,"b:44:4:44:Infinity:undefined:undefined:undefined:undefined":3,"s:44:4:44:Infinity":13,"s:44:18:44:Infinity":14,"s:46:18:46:Infinity":15,"s:47:10:53:Infinity":16,"s:55:4:57:Infinity":17,"f:55:15:55:16":6,"s:56:6:56:Infinity":18,"s:56:45:56:Infinity":19,"s:59:4:62:Infinity":20,"f:59:15:59:16":7,"s:60:6:60:Infinity":21,"s:61:6:61:Infinity":22,"s:61:49:61:Infinity":23,"s:64:4:64:Infinity":24,"s:65:4:65:Infinity":25,"f:68:2:68:8":8,"s:69:4:69:Infinity":26,"f:72:2:72:9":9,"s:73:19:73:Infinity":27,"b:74:4:74:Infinity:undefined:undefined:undefined:undefined":4,"s:74:4:74:Infinity":28,"s:74:17:74:Infinity":29,"b:77:4:77:Infinity:undefined:undefined:undefined:undefined":5,"s:77:4:77:Infinity":30,"b:77:8:77:25:77:25:77:40":6,"s:77:40:77:Infinity":31,"s:78:4:78:Infinity":32,"f:81:2:81:8":10,"s:82:19:82:Infinity":33,"b:83:4:83:Infinity:undefined:undefined:undefined:undefined":7,"s:83:4:83:Infinity":34,"s:83:17:83:Infinity":35,"s:85:4:85:Infinity":36,"s:86:4:86:Infinity":37,"f:89:2:89:9":11,"s:90:4:90:Infinity":38,"f:93:2:93:21":12,"s:94:4:94:Infinity":39,"s:94:34:94:Infinity":40,"s:95:4:95:Infinity":41,"s:96:4:96:Infinity":42},"fnNames":{}}}
,"/Users/noel/projects/roster_2/electron/main/runners/claude.ts": {"path":"/Users/noel/projects/roster_2/electron/main/runners/claude.ts","statementMap":{"0":{"start":{"line":14,"column":28},"end":{"line":18,"column":null}},"1":{"start":{"line":21,"column":21},"end":{"line":21,"column":null}},"2":{"start":{"line":32,"column":16},"end":{"line":32,"column":null}},"3":{"start":{"line":35,"column":20},"end":{"line":35,"column":null}},"4":{"start":{"line":38,"column":21},"end":{"line":38,"column":null}},"5":{"start":{"line":39,"column":4},"end":{"line":47,"column":null}},"6":{"start":{"line":52,"column":4},"end":{"line":52,"column":null}},"7":{"start":{"line":58,"column":22},"end":{"line":58,"column":null}},"8":{"start":{"line":60,"column":21},"end":{"line":92,"column":null}},"9":{"start":{"line":66,"column":41},"end":{"line":66,"column":null}},"10":{"start":{"line":94,"column":4},"end":{"line":104,"column":null}},"11":{"start":{"line":95,"column":6},"end":{"line":97,"column":null}},"12":{"start":{"line":96,"column":8},"end":{"line":96,"column":null}},"13":{"start":{"line":96,"column":61},"end":{"line":96,"column":null}},"14":{"start":{"line":100,"column":6},"end":{"line":100,"column":null}},"15":{"start":{"line":101,"column":6},"end":{"line":101,"column":null}},"16":{"start":{"line":103,"column":6},"end":{"line":103,"column":null}},"17":{"start":{"line":108,"column":20},"end":{"line":108,"column":null}},"18":{"start":{"line":109,"column":4},"end":{"line":109,"column":null}},"19":{"start":{"line":109,"column":18},"end":{"line":109,"column":null}},"20":{"start":{"line":111,"column":4},"end":{"line":111,"column":null}},"21":{"start":{"line":112,"column":4},"end":{"line":112,"column":null}},"22":{"start":{"line":124,"column":10},"end":{"line":124,"column":null}},"23":{"start":{"line":126,"column":4},"end":{"line":142,"column":null}},"24":{"start":{"line":127,"column":6},"end":{"line":134,"column":null}},"25":{"start":{"line":129,"column":10},"end":{"line":133,"column":null}},"26":{"start":{"line":136,"column":6},"end":{"line":141,"column":null}},"27":{"start":{"line":149,"column":4},"end":{"line":151,"column":null}},"28":{"start":{"line":150,"column":6},"end":{"line":150,"column":null}},"29":{"start":{"line":152,"column":4},"end":{"line":152,"column":null}},"30":{"start":{"line":158,"column":21},"end":{"line":158,"column":null}},"31":{"start":{"line":159,"column":2},"end":{"line":160,"column":null}},"32":{"start":{"line":159,"column":22},"end":{"line":159,"column":null}},"33":{"start":{"line":160,"column":7},"end":{"line":160,"column":null}},"34":{"start":{"line":160,"column":46},"end":{"line":160,"column":66}},"35":{"start":{"line":161,"column":2},"end":{"line":161,"column":null}},"36":{"start":{"line":165,"column":2},"end":{"line":170,"column":null}},"37":{"start":{"line":166,"column":77},"end":{"line":169,"column":5}},"38":{"start":{"line":175,"column":2},"end":{"line":178,"column":null}},"39":{"start":{"line":176,"column":18},"end":{"line":176,"column":null}},"40":{"start":{"line":177,"column":4},"end":{"line":177,"column":null}},"41":{"start":{"line":177,"column":51},"end":{"line":177,"column":null}},"42":{"start":{"line":179,"column":2},"end":{"line":179,"column":null}},"43":{"start":{"line":183,"column":2},"end":{"line":183,"column":null}}},"fnMap":{"0":{"name":"detect","decl":{"start":{"line":37,"column":8},"end":{"line":37,"column":40}},"loc":{"start":{"line":37,"column":40},"end":{"line":49,"column":null}},"line":37},"1":{"name":"models","decl":{"start":{"line":51,"column":8},"end":{"line":51,"column":39}},"loc":{"start":{"line":51,"column":39},"end":{"line":53,"column":null}},"line":51},"2":{"name":"run","decl":{"start":{"line":55,"column":9},"end":{"line":55,"column":13}},"loc":{"start":{"line":55,"column":80},"end":{"line":105,"column":null}},"line":55},"3":{"name":"(anonymous_3)","decl":{"start":{"line":66,"column":20},"end":{"line":66,"column":21}},"loc":{"start":{"line":66,"column":41},"end":{"line":66,"column":null}},"line":66},"4":{"name":"respondToApproval","decl":{"start":{"line":107,"column":2},"end":{"line":107,"column":20}},"loc":{"start":{"line":107,"column":74},"end":{"line":113,"column":null}},"line":107},"5":{"name":"requestApproval","decl":{"start":{"line":120,"column":10},"end":{"line":120,"column":null}},"loc":{"start":{"line":123,"column":115},"end":{"line":143,"column":null}},"line":123},"6":{"name":"(anonymous_6)","decl":{"start":{"line":126,"column":23},"end":{"line":126,"column":24}},"loc":{"start":{"line":126,"column":36},"end":{"line":142,"column":5}},"line":126},"7":{"name":"(anonymous_7)","decl":{"start":{"line":128,"column":17},"end":{"line":128,"column":18}},"loc":{"start":{"line":129,"column":10},"end":{"line":133,"column":null}},"line":129},"8":{"name":"failPendingApprovals","decl":{"start":{"line":148,"column":10},"end":{"line":148,"column":39}},"loc":{"start":{"line":148,"column":39},"end":{"line":153,"column":null}},"line":148},"9":{"name":"toController","decl":{"start":{"line":157,"column":9},"end":{"line":157,"column":22}},"loc":{"start":{"line":157,"column":60},"end":{"line":162,"column":null}},"line":157},"10":{"name":"(anonymous_10)","decl":{"start":{"line":160,"column":40},"end":{"line":160,"column":46}},"loc":{"start":{"line":160,"column":46},"end":{"line":160,"column":66}},"line":160},"11":{"name":"toMcpConfig","decl":{"start":{"line":164,"column":9},"end":{"line":164,"column":21}},"loc":{"start":{"line":164,"column":91},"end":{"line":171,"column":null}},"line":164},"12":{"name":"(anonymous_12)","decl":{"start":{"line":166,"column":32},"end":{"line":166,"column":33}},"loc":{"start":{"line":166,"column":77},"end":{"line":169,"column":5}},"line":166},"13":{"name":"describeCommand","decl":{"start":{"line":174,"column":16},"end":{"line":174,"column":32}},"loc":{"start":{"line":174,"column":90},"end":{"line":180,"column":null}},"line":174},"14":{"name":"describe","decl":{"start":{"line":182,"column":9},"end":{"line":182,"column":18}},"loc":{"start":{"line":182,"column":42},"end":{"line":184,"column":null}},"line":182}},"branchMap":{"0":{"loc":{"start":{"line":40,"column":6},"end":{"line":47,"column":null}},"type":"binary-expr","locations":[{"start":{"line":40,"column":6},"end":{"line":40,"column":32}},{"start":{"line":40,"column":32},"end":{"line":47,"column":null}}],"line":40},"1":{"loc":{"start":{"line":75,"column":12},"end":{"line":77,"column":null}},"type":"cond-expr","locations":[{"start":{"line":76,"column":12},"end":{"line":76,"column":null}},{"start":{"line":77,"column":12},"end":{"line":77,"column":null}}],"line":75},"2":{"loc":{"start":{"line":78,"column":12},"end":{"line":78,"column":null}},"type":"cond-expr","locations":[{"start":{"line":78,"column":44},"end":{"line":78,"column":92}},{"start":{"line":78,"column":92},"end":{"line":78,"column":null}}],"line":78},"3":{"loc":{"start":{"line":79,"column":12},"end":{"line":88,"column":null}},"type":"cond-expr","locations":[{"start":{"line":80,"column":12},"end":{"line":87,"column":null}},{"start":{"line":88,"column":12},"end":{"line":88,"column":null}}],"line":79},"4":{"loc":{"start":{"line":79,"column":12},"end":{"line":79,"column":null}},"type":"binary-expr","locations":[{"start":{"line":79,"column":12},"end":{"line":79,"column":58}},{"start":{"line":79,"column":58},"end":{"line":79,"column":null}}],"line":79},"5":{"loc":{"start":{"line":83,"column":20},"end":{"line":85,"column":null}},"type":"cond-expr","locations":[{"start":{"line":84,"column":20},"end":{"line":84,"column":null}},{"start":{"line":85,"column":20},"end":{"line":85,"column":null}}],"line":83},"6":{"loc":{"start":{"line":89,"column":12},"end":{"line":89,"column":null}},"type":"cond-expr","locations":[{"start":{"line":89,"column":47},"end":{"line":89,"column":80}},{"start":{"line":89,"column":80},"end":{"line":89,"column":null}}],"line":89},"7":{"loc":{"start":{"line":90,"column":12},"end":{"line":90,"column":null}},"type":"cond-expr","locations":[{"start":{"line":90,"column":36},"end":{"line":90,"column":60}},{"start":{"line":90,"column":60},"end":{"line":90,"column":null}}],"line":90},"8":{"loc":{"start":{"line":101,"column":45},"end":{"line":101,"column":70}},"type":"binary-expr","locations":[{"start":{"line":101,"column":45},"end":{"line":101,"column":67}},{"start":{"line":101,"column":67},"end":{"line":101,"column":70}}],"line":101},"9":{"loc":{"start":{"line":109,"column":4},"end":{"line":109,"column":null}},"type":"if","locations":[{"start":{"line":109,"column":4},"end":{"line":109,"column":null}},{"start":{},"end":{}}],"line":109},"10":{"loc":{"start":{"line":130,"column":12},"end":{"line":132,"column":null}},"type":"cond-expr","locations":[{"start":{"line":131,"column":16},"end":{"line":131,"column":null}},{"start":{"line":132,"column":16},"end":{"line":132,"column":null}}],"line":130},"11":{"loc":{"start":{"line":132,"column":45},"end":{"line":132,"column":85}},"type":"binary-expr","locations":[{"start":{"line":132,"column":45},"end":{"line":132,"column":64}},{"start":{"line":132,"column":64},"end":{"line":132,"column":85}}],"line":132},"12":{"loc":{"start":{"line":159,"column":2},"end":{"line":160,"column":null}},"type":"if","locations":[{"start":{"line":159,"column":2},"end":{"line":160,"column":null}},{"start":{"line":160,"column":7},"end":{"line":160,"column":null}}],"line":159},"13":{"loc":{"start":{"line":177,"column":4},"end":{"line":177,"column":null}},"type":"if","locations":[{"start":{"line":177,"column":4},"end":{"line":177,"column":null}},{"start":{},"end":{}}],"line":177},"14":{"loc":{"start":{"line":177,"column":8},"end":{"line":177,"column":51}},"type":"binary-expr","locations":[{"start":{"line":177,"column":8},"end":{"line":177,"column":37}},{"start":{"line":177,"column":37},"end":{"line":177,"column":51}}],"line":177},"15":{"loc":{"start":{"line":183,"column":9},"end":{"line":183,"column":null}},"type":"cond-expr","locations":[{"start":{"line":183,"column":34},"end":{"line":183,"column":50}},{"start":{"line":183,"column":50},"end":{"line":183,"column":null}}],"line":183}},"s":{"0":2,"1":2,"2":1,"3":1,"4":0,"5":0,"6":0,"7":0,"8":0,"9":0,"10":0,"11":0,"12":0,"13":0,"14":0,"15":0,"16":0,"17":0,"18":0,"19":0,"20":0,"21":0,"22":0,"23":0,"24":0,"25":0,"26":0,"27":0,"28":0,"29":0,"30":0,"31":0,"32":0,"33":0,"34":0,"35":0,"36":0,"37":0,"38":4,"39":11,"40":11,"41":2,"42":2,"43":0},"f":{"0":0,"1":0,"2":0,"3":0,"4":0,"5":0,"6":0,"7":0,"8":0,"9":0,"10":0,"11":0,"12":0,"13":4,"14":0},"b":{"0":[0,0],"1":[0,0],"2":[0,0],"3":[0,0],"4":[0,0],"5":[0,0],"6":[0,0],"7":[0,0],"8":[0,0],"9":[0,0],"10":[0,0],"11":[0,0],"12":[0,0],"13":[2,9],"14":[11,3],"15":[0,0]},"meta":{"lastBranch":16,"lastFunction":15,"lastStatement":44,"seen":{"s:14:28:18:Infinity":0,"s:21:21:21:Infinity":1,"s:32:16:32:Infinity":2,"s:35:20:35:Infinity":3,"f:37:8:37:40":0,"s:38:21:38:Infinity":4,"s:39:4:47:Infinity":5,"b:40:6:40:32:40:32:47:Infinity":0,"f:51:8:51:39":1,"s:52:4:52:Infinity":6,"f:55:9:55:13":2,"s:58:22:58:Infinity":7,"s:60:21:92:Infinity":8,"f:66:20:66:21":3,"s:66:41:66:Infinity":9,"b:76:12:76:Infinity:77:12:77:Infinity":1,"b:78:44:78:92:78:92:78:Infinity":2,"b:80:12:87:Infinity:88:12:88:Infinity":3,"b:79:12:79:58:79:58:79:Infinity":4,"b:84:20:84:Infinity:85:20:85:Infinity":5,"b:89:47:89:80:89:80:89:Infinity":6,"b:90:36:90:60:90:60:90:Infinity":7,"s:94:4:104:Infinity":10,"s:95:6:97:Infinity":11,"s:96:8:96:Infinity":12,"s:96:61:96:Infinity":13,"s:100:6:100:Infinity":14,"s:101:6:101:Infinity":15,"b:101:45:101:67:101:67:101:70":8,"s:103:6:103:Infinity":16,"f:107:2:107:20":4,"s:108:20:108:Infinity":17,"b:109:4:109:Infinity:undefined:undefined:undefined:undefined":9,"s:109:4:109:Infinity":18,"s:109:18:109:Infinity":19,"s:111:4:111:Infinity":20,"s:112:4:112:Infinity":21,"f:120:10:120:Infinity":5,"s:124:10:124:Infinity":22,"s:126:4:142:Infinity":23,"f:126:23:126:24":6,"s:127:6:134:Infinity":24,"f:128:17:128:18":7,"s:129:10:133:Infinity":25,"b:131:16:131:Infinity:132:16:132:Infinity":10,"b:132:45:132:64:132:64:132:85":11,"s:136:6:141:Infinity":26,"f:148:10:148:39":8,"s:149:4:151:Infinity":27,"s:150:6:150:Infinity":28,"s:152:4:152:Infinity":29,"f:157:9:157:22":9,"s:158:21:158:Infinity":30,"b:159:2:160:Infinity:160:7:160:Infinity":12,"s:159:2:160:Infinity":31,"s:159:22:159:Infinity":32,"s:160:7:160:Infinity":33,"f:160:40:160:46":10,"s:160:46:160:66":34,"s:161:2:161:Infinity":35,"f:164:9:164:21":11,"s:165:2:170:Infinity":36,"f:166:32:166:33":12,"s:166:77:169:5":37,"f:174:16:174:32":13,"s:175:2:178:Infinity":38,"s:176:18:176:Infinity":39,"b:177:4:177:Infinity:undefined:undefined:undefined:undefined":13,"s:177:4:177:Infinity":40,"b:177:8:177:37:177:37:177:51":14,"s:177:51:177:Infinity":41,"s:179:2:179:Infinity":42,"f:182:9:182:18":14,"s:183:2:183:Infinity":43,"b:183:34:183:50:183:50:183:Infinity":15},"fnNames":{}}}
,"/Users/noel/projects/roster_2/electron/main/runners/codex.ts": {"path":"/Users/noel/projects/roster_2/electron/main/runners/codex.ts","statementMap":{"0":{"start":{"line":14,"column":37},"end":{"line":19,"column":null}},"1":{"start":{"line":22,"column":23},"end":{"line":22,"column":null}},"2":{"start":{"line":34,"column":16},"end":{"line":34,"column":null}},"3":{"start":{"line":71,"column":19},"end":{"line":71,"column":null}},"4":{"start":{"line":37,"column":21},"end":{"line":37,"column":null}},"5":{"start":{"line":38,"column":4},"end":{"line":46,"column":null}},"6":{"start":{"line":55,"column":4},"end":{"line":67,"column":null}},"7":{"start":{"line":56,"column":18},"end":{"line":56,"column":null}},"8":{"start":{"line":57,"column":21},"end":{"line":57,"column":null}},"9":{"start":{"line":59,"column":12},"end":{"line":62,"column":null}},"10":{"start":{"line":60,"column":24},"end":{"line":60,"column":34}},"11":{"start":{"line":61,"column":42},"end":{"line":61,"column":95}},"12":{"start":{"line":62,"column":24},"end":{"line":62,"column":48}},"13":{"start":{"line":64,"column":6},"end":{"line":64,"column":null}},"14":{"start":{"line":66,"column":6},"end":{"line":66,"column":null}},"15":{"start":{"line":74,"column":19},"end":{"line":74,"column":null}},"16":{"start":{"line":75,"column":4},"end":{"line":75,"column":null}},"17":{"start":{"line":75,"column":21},"end":{"line":75,"column":null}},"18":{"start":{"line":79,"column":17},"end":{"line":89,"column":null}},"19":{"start":{"line":92,"column":4},"end":{"line":94,"column":null}},"20":{"start":{"line":93,"column":6},"end":{"line":93,"column":null}},"21":{"start":{"line":96,"column":4},"end":{"line":96,"column":null}},"22":{"start":{"line":98,"column":4},"end":{"line":101,"column":null}},"23":{"start":{"line":116,"column":2},"end":{"line":116,"column":null}},"24":{"start":{"line":116,"column":34},"end":{"line":116,"column":null}},"25":{"start":{"line":117,"column":2},"end":{"line":117,"column":null}}},"fnMap":{"0":{"name":"detect","decl":{"start":{"line":36,"column":8},"end":{"line":36,"column":40}},"loc":{"start":{"line":36,"column":40},"end":{"line":48,"column":null}},"line":36},"1":{"name":"models","decl":{"start":{"line":54,"column":8},"end":{"line":54,"column":39}},"loc":{"start":{"line":54,"column":39},"end":{"line":68,"column":null}},"line":54},"2":{"name":"(anonymous_2)","decl":{"start":{"line":60,"column":13},"end":{"line":60,"column":14}},"loc":{"start":{"line":60,"column":24},"end":{"line":60,"column":34}},"line":60},"3":{"name":"(anonymous_3)","decl":{"start":{"line":61,"column":16},"end":{"line":61,"column":17}},"loc":{"start":{"line":61,"column":42},"end":{"line":61,"column":95}},"line":61},"4":{"name":"(anonymous_4)","decl":{"start":{"line":62,"column":13},"end":{"line":62,"column":14}},"loc":{"start":{"line":62,"column":24},"end":{"line":62,"column":48}},"line":62},"5":{"name":"warmUp","decl":{"start":{"line":73,"column":8},"end":{"line":73,"column":32}},"loc":{"start":{"line":73,"column":32},"end":{"line":76,"column":null}},"line":73},"6":{"name":"run","decl":{"start":{"line":78,"column":2},"end":{"line":78,"column":6}},"loc":{"start":{"line":78,"column":73},"end":{"line":102,"column":null}},"line":78},"7":{"name":"respondToApproval","decl":{"start":{"line":104,"column":2},"end":{"line":104,"column":28}},"loc":{"start":{"line":104,"column":28},"end":{"line":108,"column":null}},"line":104},"8":{"name":"composePrompt","decl":{"start":{"line":115,"column":16},"end":{"line":115,"column":30}},"loc":{"start":{"line":115,"column":76},"end":{"line":118,"column":null}},"line":115}},"branchMap":{"0":{"loc":{"start":{"line":39,"column":6},"end":{"line":46,"column":null}},"type":"binary-expr","locations":[{"start":{"line":39,"column":6},"end":{"line":39,"column":31}},{"start":{"line":39,"column":31},"end":{"line":46,"column":null}}],"line":39},"1":{"loc":{"start":{"line":59,"column":22},"end":{"line":59,"column":null}},"type":"binary-expr","locations":[{"start":{"line":59,"column":22},"end":{"line":59,"column":39}},{"start":{"line":59,"column":39},"end":{"line":59,"column":null}}],"line":59},"2":{"loc":{"start":{"line":61,"column":42},"end":{"line":61,"column":95}},"type":"binary-expr","locations":[{"start":{"line":61,"column":42},"end":{"line":61,"column":70}},{"start":{"line":61,"column":70},"end":{"line":61,"column":95}}],"line":61},"3":{"loc":{"start":{"line":64,"column":13},"end":{"line":64,"column":null}},"type":"cond-expr","locations":[{"start":{"line":64,"column":33},"end":{"line":64,"column":42}},{"start":{"line":64,"column":42},"end":{"line":64,"column":null}}],"line":64},"4":{"loc":{"start":{"line":75,"column":4},"end":{"line":75,"column":null}},"type":"if","locations":[{"start":{"line":75,"column":4},"end":{"line":75,"column":null}},{"start":{},"end":{}}],"line":75},"5":{"loc":{"start":{"line":92,"column":4},"end":{"line":94,"column":null}},"type":"if","locations":[{"start":{"line":92,"column":4},"end":{"line":94,"column":null}},{"start":{},"end":{}}],"line":92},"6":{"loc":{"start":{"line":92,"column":8},"end":{"line":92,"column":71}},"type":"binary-expr","locations":[{"start":{"line":92,"column":8},"end":{"line":92,"column":44}},{"start":{"line":92,"column":44},"end":{"line":92,"column":71}}],"line":92},"7":{"loc":{"start":{"line":116,"column":2},"end":{"line":116,"column":null}},"type":"if","locations":[{"start":{"line":116,"column":2},"end":{"line":116,"column":null}},{"start":{},"end":{}}],"line":116}},"s":{"0":2,"1":2,"2":4,"3":4,"4":0,"5":0,"6":2,"7":2,"8":2,"9":2,"10":10,"11":10,"12":8,"13":2,"14":0,"15":0,"16":0,"17":0,"18":0,"19":0,"20":0,"21":0,"22":0,"23":3,"24":2,"25":1},"f":{"0":0,"1":2,"2":10,"3":10,"4":8,"5":0,"6":0,"7":1,"8":3},"b":{"0":[0,0],"1":[2,0],"2":[10,10],"3":[2,0],"4":[0,0],"5":[0,0],"6":[0,0],"7":[2,1]},"meta":{"lastBranch":8,"lastFunction":9,"lastStatement":26,"seen":{"s:14:37:19:Infinity":0,"s:22:23:22:Infinity":1,"s:34:16:34:Infinity":2,"s:71:19:71:Infinity":3,"f:36:8:36:40":0,"s:37:21:37:Infinity":4,"s:38:4:46:Infinity":5,"b:39:6:39:31:39:31:46:Infinity":0,"f:54:8:54:39":1,"s:55:4:67:Infinity":6,"s:56:18:56:Infinity":7,"s:57:21:57:Infinity":8,"s:59:12:62:Infinity":9,"b:59:22:59:39:59:39:59:Infinity":1,"f:60:13:60:14":2,"s:60:24:60:34":10,"f:61:16:61:17":3,"s:61:42:61:95":11,"b:61:42:61:70:61:70:61:95":2,"f:62:13:62:14":4,"s:62:24:62:48":12,"s:64:6:64:Infinity":13,"b:64:33:64:42:64:42:64:Infinity":3,"s:66:6:66:Infinity":14,"f:73:8:73:32":5,"s:74:19:74:Infinity":15,"b:75:4:75:Infinity:undefined:undefined:undefined:undefined":4,"s:75:4:75:Infinity":16,"s:75:21:75:Infinity":17,"f:78:2:78:6":6,"s:79:17:89:Infinity":18,"b:92:4:94:Infinity:undefined:undefined:undefined:undefined":5,"s:92:4:94:Infinity":19,"b:92:8:92:44:92:44:92:71":6,"s:93:6:93:Infinity":20,"s:96:4:96:Infinity":21,"s:98:4:101:Infinity":22,"f:104:2:104:28":7,"f:115:16:115:30":8,"b:116:2:116:Infinity:undefined:undefined:undefined:undefined":7,"s:116:2:116:Infinity":23,"s:116:34:116:Infinity":24,"s:117:2:117:Infinity":25},"fnNames":{}}}
,"/Users/noel/projects/roster_2/electron/main/runners/custom.ts": {"path":"/Users/noel/projects/roster_2/electron/main/runners/custom.ts","statementMap":{"0":{"start":{"line":14,"column":77},"end":{"line":17,"column":null}},"1":{"start":{"line":46,"column":34},"end":{"line":46,"column":null}},"2":{"start":{"line":27,"column":13},"end":{"line":27,"column":null}},"3":{"start":{"line":28,"column":21},"end":{"line":28,"column":null}},"4":{"start":{"line":29,"column":21},"end":{"line":29,"column":46}},"5":{"start":{"line":33,"column":21},"end":{"line":33,"column":null}},"6":{"start":{"line":34,"column":4},"end":{"line":42,"column":null}},"7":{"start":{"line":49,"column":19},"end":{"line":49,"column":null}},"8":{"start":{"line":50,"column":4},"end":{"line":50,"column":null}},"9":{"start":{"line":50,"column":21},"end":{"line":50,"column":null}},"10":{"start":{"line":56,"column":4},"end":{"line":56,"column":null}},"11":{"start":{"line":60,"column":17},"end":{"line":66,"column":null}},"12":{"start":{"line":61,"column":6},"end":{"line":65,"column":null}},"13":{"start":{"line":70,"column":4},"end":{"line":70,"column":null}},"14":{"start":{"line":70,"column":38},"end":{"line":70,"column":62}},"15":{"start":{"line":70,"column":65},"end":{"line":70,"column":null}},"16":{"start":{"line":72,"column":4},"end":{"line":75,"column":null}}},"fnMap":{"0":{"name":"constructor","decl":{"start":{"line":26,"column":2},"end":{"line":26,"column":null}},"loc":{"start":{"line":30,"column":4},"end":{"line":30,"column":null}},"line":30},"1":{"name":"detect","decl":{"start":{"line":32,"column":8},"end":{"line":32,"column":40}},"loc":{"start":{"line":32,"column":40},"end":{"line":44,"column":null}},"line":32},"2":{"name":"warmUp","decl":{"start":{"line":48,"column":8},"end":{"line":48,"column":32}},"loc":{"start":{"line":48,"column":32},"end":{"line":51,"column":null}},"line":48},"3":{"name":"models","decl":{"start":{"line":53,"column":8},"end":{"line":53,"column":39}},"loc":{"start":{"line":53,"column":39},"end":{"line":57,"column":null}},"line":53},"4":{"name":"run","decl":{"start":{"line":59,"column":2},"end":{"line":59,"column":6}},"loc":{"start":{"line":59,"column":73},"end":{"line":76,"column":null}},"line":59},"5":{"name":"(anonymous_5)","decl":{"start":{"line":60,"column":36},"end":{"line":60,"column":37}},"loc":{"start":{"line":61,"column":6},"end":{"line":65,"column":null}},"line":61},"6":{"name":"(anonymous_6)","decl":{"start":{"line":70,"column":29},"end":{"line":70,"column":30}},"loc":{"start":{"line":70,"column":38},"end":{"line":70,"column":62}},"line":70},"7":{"name":"respondToApproval","decl":{"start":{"line":78,"column":2},"end":{"line":78,"column":20}},"loc":{"start":{"line":78,"column":76},"end":{"line":80,"column":null}},"line":78}},"branchMap":{"0":{"loc":{"start":{"line":29,"column":21},"end":{"line":29,"column":null}},"type":"default-arg","locations":[{"start":{"line":29,"column":46},"end":{"line":29,"column":null}}],"line":29},"1":{"loc":{"start":{"line":35,"column":6},"end":{"line":42,"column":null}},"type":"binary-expr","locations":[{"start":{"line":35,"column":6},"end":{"line":35,"column":31}},{"start":{"line":35,"column":31},"end":{"line":42,"column":null}}],"line":35},"2":{"loc":{"start":{"line":50,"column":4},"end":{"line":50,"column":null}},"type":"if","locations":[{"start":{"line":50,"column":4},"end":{"line":50,"column":null}},{"start":{},"end":{}}],"line":50},"3":{"loc":{"start":{"line":70,"column":4},"end":{"line":70,"column":null}},"type":"if","locations":[{"start":{"line":70,"column":4},"end":{"line":70,"column":null}},{"start":{},"end":{}}],"line":70},"4":{"loc":{"start":{"line":73,"column":17},"end":{"line":73,"column":51}},"type":"binary-expr","locations":[{"start":{"line":73,"column":17},"end":{"line":73,"column":32}},{"start":{"line":73,"column":32},"end":{"line":73,"column":51}}],"line":73}},"s":{"0":1,"1":7,"2":7,"3":7,"4":7,"5":1,"6":1,"7":0,"8":0,"9":0,"10":1,"11":3,"12":7,"13":3,"14":7,"15":1,"16":3},"f":{"0":7,"1":1,"2":0,"3":1,"4":3,"5":7,"6":7,"7":1},"b":{"0":[7],"1":[1,0],"2":[0,0],"3":[1,2],"4":[3,3]},"meta":{"lastBranch":5,"lastFunction":8,"lastStatement":17,"seen":{"s:14:77:17:Infinity":0,"s:46:34:46:Infinity":1,"f:26:2:26:Infinity":0,"b:29:46:29:Infinity":0,"s:27:13:27:Infinity":2,"s:28:21:28:Infinity":3,"s:29:21:29:46":4,"f:32:8:32:40":1,"s:33:21:33:Infinity":5,"s:34:4:42:Infinity":6,"b:35:6:35:31:35:31:42:Infinity":1,"f:48:8:48:32":2,"s:49:19:49:Infinity":7,"b:50:4:50:Infinity:undefined:undefined:undefined:undefined":2,"s:50:4:50:Infinity":8,"s:50:21:50:Infinity":9,"f:53:8:53:39":3,"s:56:4:56:Infinity":10,"f:59:2:59:6":4,"s:60:17:66:Infinity":11,"f:60:36:60:37":5,"s:61:6:65:Infinity":12,"b:70:4:70:Infinity:undefined:undefined:undefined:undefined":3,"s:70:4:70:Infinity":13,"f:70:29:70:30":6,"s:70:38:70:62":14,"s:70:65:70:Infinity":15,"s:72:4:75:Infinity":16,"b:73:17:73:32:73:32:73:51":4,"f:78:2:78:20":7},"fnNames":{}}}
,"/Users/noel/projects/roster_2/electron/main/runners/handoffTool.ts": {"path":"/Users/noel/projects/roster_2/electron/main/runners/handoffTool.ts","statementMap":{"0":{"start":{"line":20,"column":35},"end":{"line":24,"column":null}},"1":{"start":{"line":36,"column":39},"end":{"line":36,"column":null}},"2":{"start":{"line":38,"column":21},"end":{"line":57,"column":null}},"3":{"start":{"line":43,"column":21},"end":{"line":46,"column":null}},"4":{"start":{"line":45,"column":27},"end":{"line":45,"column":82}},"5":{"start":{"line":46,"column":24},"end":{"line":46,"column":87}},"6":{"start":{"line":48,"column":6},"end":{"line":55,"column":null}},"7":{"start":{"line":59,"column":22},"end":{"line":82,"column":null}},"8":{"start":{"line":64,"column":20},"end":{"line":64,"column":null}},"9":{"start":{"line":64,"column":55},"end":{"line":64,"column":81}},"10":{"start":{"line":65,"column":6},"end":{"line":70,"column":null}},"11":{"start":{"line":66,"column":8},"end":{"line":69,"column":null}},"12":{"start":{"line":72,"column":24},"end":{"line":76,"column":null}},"13":{"start":{"line":78,"column":6},"end":{"line":80,"column":null}},"14":{"start":{"line":84,"column":2},"end":{"line":84,"column":null}},"15":{"start":{"line":88,"column":15},"end":{"line":88,"column":null}},"16":{"start":{"line":89,"column":2},"end":{"line":89,"column":null}}},"fnMap":{"0":{"name":"createRosterMcpServer","decl":{"start":{"line":32,"column":22},"end":{"line":32,"column":null}},"loc":{"start":{"line":35,"column":20},"end":{"line":85,"column":null}},"line":35},"1":{"name":"(anonymous_1)","decl":{"start":{"line":42,"column":4},"end":{"line":42,"column":16}},"loc":{"start":{"line":42,"column":16},"end":{"line":56,"column":null}},"line":42},"2":{"name":"(anonymous_2)","decl":{"start":{"line":45,"column":16},"end":{"line":45,"column":17}},"loc":{"start":{"line":45,"column":27},"end":{"line":45,"column":82}},"line":45},"3":{"name":"(anonymous_3)","decl":{"start":{"line":46,"column":13},"end":{"line":46,"column":14}},"loc":{"start":{"line":46,"column":24},"end":{"line":46,"column":87}},"line":46},"4":{"name":"(anonymous_4)","decl":{"start":{"line":63,"column":4},"end":{"line":63,"column":11}},"loc":{"start":{"line":63,"column":72},"end":{"line":81,"column":null}},"line":63},"5":{"name":"(anonymous_5)","decl":{"start":{"line":64,"column":44},"end":{"line":64,"column":45}},"loc":{"start":{"line":64,"column":55},"end":{"line":64,"column":81}},"line":64},"6":{"name":"firstLine","decl":{"start":{"line":87,"column":9},"end":{"line":87,"column":19}},"loc":{"start":{"line":87,"column":43},"end":{"line":90,"column":null}},"line":87}},"branchMap":{"0":{"loc":{"start":{"line":45,"column":27},"end":{"line":45,"column":82}},"type":"binary-expr","locations":[{"start":{"line":45,"column":27},"end":{"line":45,"column":58}},{"start":{"line":45,"column":58},"end":{"line":45,"column":82}}],"line":45},"1":{"loc":{"start":{"line":52,"column":18},"end":{"line":52,"column":null}},"type":"cond-expr","locations":[{"start":{"line":52,"column":40},"end":{"line":52,"column":75}},{"start":{"line":52,"column":75},"end":{"line":52,"column":null}}],"line":52},"2":{"loc":{"start":{"line":65,"column":6},"end":{"line":70,"column":null}},"type":"if","locations":[{"start":{"line":65,"column":6},"end":{"line":70,"column":null}},{"start":{},"end":{}}],"line":65},"3":{"loc":{"start":{"line":88,"column":15},"end":{"line":88,"column":null}},"type":"binary-expr","locations":[{"start":{"line":88,"column":15},"end":{"line":88,"column":48}},{"start":{"line":88,"column":48},"end":{"line":88,"column":null}}],"line":88},"4":{"loc":{"start":{"line":89,"column":9},"end":{"line":89,"column":null}},"type":"cond-expr","locations":[{"start":{"line":89,"column":23},"end":{"line":89,"column":44}},{"start":{"line":89,"column":44},"end":{"line":89,"column":null}}],"line":89}},"s":{"0":0,"1":0,"2":0,"3":0,"4":0,"5":0,"6":0,"7":0,"8":0,"9":0,"10":0,"11":0,"12":0,"13":0,"14":0,"15":0,"16":0},"f":{"0":0,"1":0,"2":0,"3":0,"4":0,"5":0,"6":0},"b":{"0":[0,0],"1":[0,0],"2":[0,0],"3":[0,0],"4":[0,0]},"meta":{"lastBranch":5,"lastFunction":7,"lastStatement":17,"seen":{"s:20:35:24:Infinity":0,"f:32:22:32:Infinity":0,"s:36:39:36:Infinity":1,"s:38:21:57:Infinity":2,"f:42:4:42:16":1,"s:43:21:46:Infinity":3,"f:45:16:45:17":2,"s:45:27:45:82":4,"b:45:27:45:58:45:58:45:82":0,"f:46:13:46:14":3,"s:46:24:46:87":5,"s:48:6:55:Infinity":6,"b:52:40:52:75:52:75:52:Infinity":1,"s:59:22:82:Infinity":7,"f:63:4:63:11":4,"s:64:20:64:Infinity":8,"f:64:44:64:45":5,"s:64:55:64:81":9,"b:65:6:70:Infinity:undefined:undefined:undefined:undefined":2,"s:65:6:70:Infinity":10,"s:66:8:69:Infinity":11,"s:72:24:76:Infinity":12,"s:78:6:80:Infinity":13,"s:84:2:84:Infinity":14,"f:87:9:87:19":6,"s:88:15:88:Infinity":15,"b:88:15:88:48:88:48:88:Infinity":3,"s:89:2:89:Infinity":16,"b:89:23:89:44:89:44:89:Infinity":4},"fnNames":{}}}
,"/Users/noel/projects/roster_2/electron/main/runners/normalizeClaude.ts": {"path":"/Users/noel/projects/roster_2/electron/main/runners/normalizeClaude.ts","statementMap":{"0":{"start":{"line":13,"column":2},"end":{"line":13,"column":null}},"1":{"start":{"line":13,"column":26},"end":{"line":13,"column":null}},"2":{"start":{"line":15,"column":2},"end":{"line":24,"column":null}},"3":{"start":{"line":17,"column":6},"end":{"line":17,"column":null}},"4":{"start":{"line":19,"column":6},"end":{"line":19,"column":null}},"5":{"start":{"line":21,"column":6},"end":{"line":21,"column":null}},"6":{"start":{"line":23,"column":6},"end":{"line":23,"column":null}},"7":{"start":{"line":28,"column":16},"end":{"line":28,"column":null}},"8":{"start":{"line":29,"column":2},"end":{"line":29,"column":null}},"9":{"start":{"line":29,"column":24},"end":{"line":29,"column":null}},"10":{"start":{"line":31,"column":18},"end":{"line":31,"column":null}},"11":{"start":{"line":32,"column":2},"end":{"line":32,"column":null}},"12":{"start":{"line":32,"column":31},"end":{"line":32,"column":null}},"13":{"start":{"line":34,"column":32},"end":{"line":34,"column":null}},"14":{"start":{"line":36,"column":2},"end":{"line":51,"column":null}},"15":{"start":{"line":37,"column":4},"end":{"line":37,"column":null}},"16":{"start":{"line":37,"column":26},"end":{"line":37,"column":null}},"17":{"start":{"line":39,"column":4},"end":{"line":43,"column":null}},"18":{"start":{"line":41,"column":6},"end":{"line":41,"column":null}},"19":{"start":{"line":41,"column":32},"end":{"line":41,"column":null}},"20":{"start":{"line":42,"column":6},"end":{"line":42,"column":null}},"21":{"start":{"line":45,"column":4},"end":{"line":50,"column":null}},"22":{"start":{"line":46,"column":17},"end":{"line":46,"column":null}},"23":{"start":{"line":47,"column":19},"end":{"line":47,"column":null}},"24":{"start":{"line":48,"column":6},"end":{"line":48,"column":null}},"25":{"start":{"line":48,"column":40},"end":{"line":48,"column":null}},"26":{"start":{"line":49,"column":6},"end":{"line":49,"column":null}},"27":{"start":{"line":53,"column":2},"end":{"line":53,"column":null}},"28":{"start":{"line":58,"column":16},"end":{"line":58,"column":null}},"29":{"start":{"line":59,"column":2},"end":{"line":59,"column":null}},"30":{"start":{"line":59,"column":24},"end":{"line":59,"column":null}},"31":{"start":{"line":61,"column":18},"end":{"line":61,"column":null}},"32":{"start":{"line":62,"column":2},"end":{"line":62,"column":null}},"33":{"start":{"line":62,"column":31},"end":{"line":62,"column":null}},"34":{"start":{"line":64,"column":32},"end":{"line":64,"column":null}},"35":{"start":{"line":66,"column":2},"end":{"line":78,"column":null}},"36":{"start":{"line":67,"column":4},"end":{"line":67,"column":null}},"37":{"start":{"line":67,"column":61},"end":{"line":67,"column":null}},"38":{"start":{"line":69,"column":15},"end":{"line":69,"column":null}},"39":{"start":{"line":70,"column":4},"end":{"line":70,"column":null}},"40":{"start":{"line":70,"column":21},"end":{"line":70,"column":null}},"41":{"start":{"line":72,"column":4},"end":{"line":77,"column":null}},"42":{"start":{"line":80,"column":2},"end":{"line":80,"column":null}},"43":{"start":{"line":84,"column":32},"end":{"line":84,"column":null}},"44":{"start":{"line":86,"column":16},"end":{"line":86,"column":null}},"45":{"start":{"line":87,"column":15},"end":{"line":87,"column":null}},"46":{"start":{"line":89,"column":2},"end":{"line":96,"column":null}},"47":{"start":{"line":90,"column":4},"end":{"line":95,"column":null}},"48":{"start":{"line":100,"column":2},"end":{"line":102,"column":null}},"49":{"start":{"line":101,"column":4},"end":{"line":101,"column":null}},"50":{"start":{"line":104,"column":20},"end":{"line":104,"column":null}},"51":{"start":{"line":105,"column":2},"end":{"line":105,"column":null}},"52":{"start":{"line":105,"column":26},"end":{"line":105,"column":null}},"53":{"start":{"line":107,"column":2},"end":{"line":107,"column":null}},"54":{"start":{"line":111,"column":17},"end":{"line":111,"column":null}},"55":{"start":{"line":112,"column":2},"end":{"line":112,"column":null}},"56":{"start":{"line":112,"column":40},"end":{"line":112,"column":null}},"57":{"start":{"line":114,"column":18},"end":{"line":114,"column":null}},"58":{"start":{"line":115,"column":2},"end":{"line":115,"column":null}},"59":{"start":{"line":120,"column":2},"end":{"line":120,"column":null}},"60":{"start":{"line":120,"column":45},"end":{"line":120,"column":null}},"61":{"start":{"line":121,"column":2},"end":{"line":121,"column":null}},"62":{"start":{"line":121,"column":33},"end":{"line":121,"column":null}},"63":{"start":{"line":123,"column":2},"end":{"line":129,"column":null}},"64":{"start":{"line":125,"column":4},"end":{"line":128,"column":null}},"65":{"start":{"line":126,"column":20},"end":{"line":126,"column":null}},"66":{"start":{"line":127,"column":6},"end":{"line":127,"column":null}},"67":{"start":{"line":127,"column":53},"end":{"line":127,"column":null}},"68":{"start":{"line":131,"column":2},"end":{"line":135,"column":null}},"69":{"start":{"line":132,"column":4},"end":{"line":132,"column":null}},"70":{"start":{"line":134,"column":4},"end":{"line":134,"column":null}},"71":{"start":{"line":140,"column":2},"end":{"line":140,"column":null}},"72":{"start":{"line":140,"column":35},"end":{"line":140,"column":null}},"73":{"start":{"line":141,"column":2},"end":{"line":141,"column":null}},"74":{"start":{"line":141,"column":31},"end":{"line":141,"column":null}},"75":{"start":{"line":143,"column":2},"end":{"line":150,"column":null}},"76":{"start":{"line":145,"column":6},"end":{"line":145,"column":null}},"77":{"start":{"line":145,"column":37},"end":{"line":145,"column":null}},"78":{"start":{"line":146,"column":6},"end":{"line":146,"column":null}},"79":{"start":{"line":146,"column":64},"end":{"line":146,"column":null}},"80":{"start":{"line":147,"column":6},"end":{"line":147,"column":null}},"81":{"start":{"line":149,"column":22},"end":{"line":149,"column":33}},"82":{"start":{"line":154,"column":2},"end":{"line":154,"column":null}},"83":{"start":{"line":158,"column":2},"end":{"line":158,"column":null}},"84":{"start":{"line":162,"column":2},"end":{"line":162,"column":null}}},"fnMap":{"0":{"name":"normalizeClaudeMessage","decl":{"start":{"line":12,"column":16},"end":{"line":12,"column":39}},"loc":{"start":{"line":12,"column":72},"end":{"line":25,"column":null}},"line":12},"1":{"name":"fromAssistant","decl":{"start":{"line":27,"column":9},"end":{"line":27,"column":23}},"loc":{"start":{"line":27,"column":72},"end":{"line":54,"column":null}},"line":27},"2":{"name":"fromUser","decl":{"start":{"line":57,"column":9},"end":{"line":57,"column":18}},"loc":{"start":{"line":57,"column":67},"end":{"line":81,"column":null}},"line":57},"3":{"name":"fromResult","decl":{"start":{"line":83,"column":9},"end":{"line":83,"column":20}},"loc":{"start":{"line":83,"column":69},"end":{"line":108,"column":null}},"line":83},"4":{"name":"describeFailure","decl":{"start":{"line":110,"column":9},"end":{"line":110,"column":25}},"loc":{"start":{"line":110,"column":67},"end":{"line":116,"column":null}},"line":110},"5":{"name":"summariseArgs","decl":{"start":{"line":119,"column":16},"end":{"line":119,"column":30}},"loc":{"start":{"line":119,"column":54},"end":{"line":136,"column":null}},"line":119},"6":{"name":"flattenResultContent","decl":{"start":{"line":139,"column":9},"end":{"line":139,"column":30}},"loc":{"start":{"line":139,"column":56},"end":{"line":151,"column":null}},"line":139},"7":{"name":"(anonymous_7)","decl":{"start":{"line":144,"column":9},"end":{"line":144,"column":10}},"loc":{"start":{"line":144,"column":20},"end":{"line":148,"column":5}},"line":144},"8":{"name":"(anonymous_8)","decl":{"start":{"line":149,"column":12},"end":{"line":149,"column":13}},"loc":{"start":{"line":149,"column":22},"end":{"line":149,"column":33}},"line":149},"9":{"name":"isRecord","decl":{"start":{"line":153,"column":9},"end":{"line":153,"column":18}},"loc":{"start":{"line":153,"column":68},"end":{"line":155,"column":null}},"line":153},"10":{"name":"asString","decl":{"start":{"line":157,"column":9},"end":{"line":157,"column":18}},"loc":{"start":{"line":157,"column":49},"end":{"line":159,"column":null}},"line":157},"11":{"name":"asNumber","decl":{"start":{"line":161,"column":9},"end":{"line":161,"column":18}},"loc":{"start":{"line":161,"column":49},"end":{"line":163,"column":null}},"line":161}},"branchMap":{"0":{"loc":{"start":{"line":13,"column":2},"end":{"line":13,"column":null}},"type":"if","locations":[{"start":{"line":13,"column":2},"end":{"line":13,"column":null}},{"start":{},"end":{}}],"line":13},"1":{"loc":{"start":{"line":15,"column":2},"end":{"line":24,"column":null}},"type":"switch","locations":[{"start":{"line":16,"column":4},"end":{"line":17,"column":null}},{"start":{"line":18,"column":4},"end":{"line":19,"column":null}},{"start":{"line":20,"column":4},"end":{"line":21,"column":null}},{"start":{"line":22,"column":4},"end":{"line":23,"column":null}}],"line":15},"2":{"loc":{"start":{"line":29,"column":2},"end":{"line":29,"column":null}},"type":"if","locations":[{"start":{"line":29,"column":2},"end":{"line":29,"column":null}},{"start":{},"end":{}}],"line":29},"3":{"loc":{"start":{"line":32,"column":2},"end":{"line":32,"column":null}},"type":"if","locations":[{"start":{"line":32,"column":2},"end":{"line":32,"column":null}},{"start":{},"end":{}}],"line":32},"4":{"loc":{"start":{"line":37,"column":4},"end":{"line":37,"column":null}},"type":"if","locations":[{"start":{"line":37,"column":4},"end":{"line":37,"column":null}},{"start":{},"end":{}}],"line":37},"5":{"loc":{"start":{"line":39,"column":4},"end":{"line":43,"column":null}},"type":"if","locations":[{"start":{"line":39,"column":4},"end":{"line":43,"column":null}},{"start":{},"end":{}}],"line":39},"6":{"loc":{"start":{"line":39,"column":8},"end":{"line":39,"column":71}},"type":"binary-expr","locations":[{"start":{"line":39,"column":8},"end":{"line":39,"column":36}},{"start":{"line":39,"column":36},"end":{"line":39,"column":71}}],"line":39},"7":{"loc":{"start":{"line":41,"column":6},"end":{"line":41,"column":null}},"type":"if","locations":[{"start":{"line":41,"column":6},"end":{"line":41,"column":null}},{"start":{},"end":{}}],"line":41},"8":{"loc":{"start":{"line":45,"column":4},"end":{"line":50,"column":null}},"type":"if","locations":[{"start":{"line":45,"column":4},"end":{"line":50,"column":null}},{"start":{},"end":{}}],"line":45},"9":{"loc":{"start":{"line":48,"column":6},"end":{"line":48,"column":null}},"type":"if","locations":[{"start":{"line":48,"column":6},"end":{"line":48,"column":null}},{"start":{},"end":{}}],"line":48},"10":{"loc":{"start":{"line":48,"column":10},"end":{"line":48,"column":40}},"type":"binary-expr","locations":[{"start":{"line":48,"column":10},"end":{"line":48,"column":25}},{"start":{"line":48,"column":25},"end":{"line":48,"column":40}}],"line":48},"11":{"loc":{"start":{"line":59,"column":2},"end":{"line":59,"column":null}},"type":"if","locations":[{"start":{"line":59,"column":2},"end":{"line":59,"column":null}},{"start":{},"end":{}}],"line":59},"12":{"loc":{"start":{"line":62,"column":2},"end":{"line":62,"column":null}},"type":"if","locations":[{"start":{"line":62,"column":2},"end":{"line":62,"column":null}},{"start":{},"end":{}}],"line":62},"13":{"loc":{"start":{"line":67,"column":4},"end":{"line":67,"column":null}},"type":"if","locations":[{"start":{"line":67,"column":4},"end":{"line":67,"column":null}},{"start":{},"end":{}}],"line":67},"14":{"loc":{"start":{"line":67,"column":8},"end":{"line":67,"column":61}},"type":"binary-expr","locations":[{"start":{"line":67,"column":8},"end":{"line":67,"column":28}},{"start":{"line":67,"column":28},"end":{"line":67,"column":61}}],"line":67},"15":{"loc":{"start":{"line":70,"column":4},"end":{"line":70,"column":null}},"type":"if","locations":[{"start":{"line":70,"column":4},"end":{"line":70,"column":null}},{"start":{},"end":{}}],"line":70},"16":{"loc":{"start":{"line":86,"column":16},"end":{"line":86,"column":null}},"type":"cond-expr","locations":[{"start":{"line":86,"column":45},"end":{"line":86,"column":64}},{"start":{"line":86,"column":64},"end":{"line":86,"column":null}}],"line":86},"17":{"loc":{"start":{"line":89,"column":2},"end":{"line":96,"column":null}},"type":"if","locations":[{"start":{"line":89,"column":2},"end":{"line":96,"column":null}},{"start":{},"end":{}}],"line":89},"18":{"loc":{"start":{"line":89,"column":6},"end":{"line":89,"column":50}},"type":"binary-expr","locations":[{"start":{"line":89,"column":6},"end":{"line":89,"column":24}},{"start":{"line":89,"column":24},"end":{"line":89,"column":50}}],"line":89},"19":{"loc":{"start":{"line":92,"column":19},"end":{"line":92,"column":null}},"type":"binary-expr","locations":[{"start":{"line":92,"column":19},"end":{"line":92,"column":56}},{"start":{"line":92,"column":56},"end":{"line":92,"column":null}}],"line":92},"20":{"loc":{"start":{"line":93,"column":20},"end":{"line":93,"column":null}},"type":"binary-expr","locations":[{"start":{"line":93,"column":20},"end":{"line":93,"column":58}},{"start":{"line":93,"column":58},"end":{"line":93,"column":null}}],"line":93},"21":{"loc":{"start":{"line":94,"column":15},"end":{"line":94,"column":null}},"type":"cond-expr","locations":[{"start":{"line":94,"column":42},"end":{"line":94,"column":49}},{"start":{"line":94,"column":49},"end":{"line":94,"column":null}}],"line":94},"22":{"loc":{"start":{"line":100,"column":2},"end":{"line":102,"column":null}},"type":"if","locations":[{"start":{"line":100,"column":2},"end":{"line":102,"column":null}},{"start":{},"end":{}}],"line":100},"23":{"loc":{"start":{"line":100,"column":6},"end":{"line":100,"column":72}},"type":"binary-expr","locations":[{"start":{"line":100,"column":6},"end":{"line":100,"column":42}},{"start":{"line":100,"column":42},"end":{"line":100,"column":72}}],"line":100},"24":{"loc":{"start":{"line":105,"column":2},"end":{"line":105,"column":null}},"type":"if","locations":[{"start":{"line":105,"column":2},"end":{"line":105,"column":null}},{"start":{},"end":{}}],"line":105},"25":{"loc":{"start":{"line":112,"column":2},"end":{"line":112,"column":null}},"type":"if","locations":[{"start":{"line":112,"column":2},"end":{"line":112,"column":null}},{"start":{},"end":{}}],"line":112},"26":{"loc":{"start":{"line":112,"column":6},"end":{"line":112,"column":40}},"type":"binary-expr","locations":[{"start":{"line":112,"column":6},"end":{"line":112,"column":25}},{"start":{"line":112,"column":25},"end":{"line":112,"column":40}}],"line":112},"27":{"loc":{"start":{"line":115,"column":9},"end":{"line":115,"column":null}},"type":"cond-expr","locations":[{"start":{"line":115,"column":53},"end":{"line":115,"column":80}},{"start":{"line":115,"column":80},"end":{"line":115,"column":null}}],"line":115},"28":{"loc":{"start":{"line":115,"column":9},"end":{"line":115,"column":53}},"type":"binary-expr","locations":[{"start":{"line":115,"column":9},"end":{"line":115,"column":29}},{"start":{"line":115,"column":29},"end":{"line":115,"column":53}}],"line":115},"29":{"loc":{"start":{"line":120,"column":2},"end":{"line":120,"column":null}},"type":"if","locations":[{"start":{"line":120,"column":2},"end":{"line":120,"column":null}},{"start":{},"end":{}}],"line":120},"30":{"loc":{"start":{"line":120,"column":6},"end":{"line":120,"column":45}},"type":"binary-expr","locations":[{"start":{"line":120,"column":6},"end":{"line":120,"column":29}},{"start":{"line":120,"column":29},"end":{"line":120,"column":45}}],"line":120},"31":{"loc":{"start":{"line":121,"column":2},"end":{"line":121,"column":null}},"type":"if","locations":[{"start":{"line":121,"column":2},"end":{"line":121,"column":null}},{"start":{},"end":{}}],"line":121},"32":{"loc":{"start":{"line":123,"column":2},"end":{"line":129,"column":null}},"type":"if","locations":[{"start":{"line":123,"column":2},"end":{"line":129,"column":null}},{"start":{},"end":{}}],"line":123},"33":{"loc":{"start":{"line":127,"column":6},"end":{"line":127,"column":null}},"type":"if","locations":[{"start":{"line":127,"column":6},"end":{"line":127,"column":null}},{"start":{},"end":{}}],"line":127},"34":{"loc":{"start":{"line":127,"column":10},"end":{"line":127,"column":53}},"type":"binary-expr","locations":[{"start":{"line":127,"column":10},"end":{"line":127,"column":39}},{"start":{"line":127,"column":39},"end":{"line":127,"column":53}}],"line":127},"35":{"loc":{"start":{"line":132,"column":11},"end":{"line":132,"column":null}},"type":"binary-expr","locations":[{"start":{"line":132,"column":11},"end":{"line":132,"column":36}},{"start":{"line":132,"column":36},"end":{"line":132,"column":null}}],"line":132},"36":{"loc":{"start":{"line":140,"column":2},"end":{"line":140,"column":null}},"type":"if","locations":[{"start":{"line":140,"column":2},"end":{"line":140,"column":null}},{"start":{},"end":{}}],"line":140},"37":{"loc":{"start":{"line":141,"column":2},"end":{"line":141,"column":null}},"type":"if","locations":[{"start":{"line":141,"column":2},"end":{"line":141,"column":null}},{"start":{},"end":{}}],"line":141},"38":{"loc":{"start":{"line":145,"column":6},"end":{"line":145,"column":null}},"type":"if","locations":[{"start":{"line":145,"column":6},"end":{"line":145,"column":null}},{"start":{},"end":{}}],"line":145},"39":{"loc":{"start":{"line":146,"column":6},"end":{"line":146,"column":null}},"type":"if","locations":[{"start":{"line":146,"column":6},"end":{"line":146,"column":null}},{"start":{},"end":{}}],"line":146},"40":{"loc":{"start":{"line":146,"column":10},"end":{"line":146,"column":64}},"type":"binary-expr","locations":[{"start":{"line":146,"column":10},"end":{"line":146,"column":29}},{"start":{"line":146,"column":29},"end":{"line":146,"column":64}}],"line":146},"41":{"loc":{"start":{"line":154,"column":9},"end":{"line":154,"column":null}},"type":"binary-expr","locations":[{"start":{"line":154,"column":9},"end":{"line":154,"column":38}},{"start":{"line":154,"column":38},"end":{"line":154,"column":56}},{"start":{"line":154,"column":56},"end":{"line":154,"column":null}}],"line":154},"42":{"loc":{"start":{"line":158,"column":9},"end":{"line":158,"column":null}},"type":"cond-expr","locations":[{"start":{"line":158,"column":37},"end":{"line":158,"column":45}},{"start":{"line":158,"column":45},"end":{"line":158,"column":null}}],"line":158},"43":{"loc":{"start":{"line":162,"column":9},"end":{"line":162,"column":null}},"type":"cond-expr","locations":[{"start":{"line":162,"column":63},"end":{"line":162,"column":71}},{"start":{"line":162,"column":71},"end":{"line":162,"column":null}}],"line":162},"44":{"loc":{"start":{"line":162,"column":9},"end":{"line":162,"column":63}},"type":"binary-expr","locations":[{"start":{"line":162,"column":9},"end":{"line":162,"column":38}},{"start":{"line":162,"column":38},"end":{"line":162,"column":63}}],"line":162}},"s":{"0":34,"1":5,"2":29,"3":12,"4":5,"5":5,"6":7,"7":12,"8":12,"9":0,"10":12,"11":12,"12":0,"13":12,"14":12,"15":13,"16":0,"17":13,"18":5,"19":4,"20":5,"21":8,"22":5,"23":5,"24":5,"25":1,"26":4,"27":12,"28":5,"29":5,"30":0,"31":5,"32":5,"33":0,"34":5,"35":5,"36":5,"37":1,"38":4,"39":4,"40":0,"41":4,"42":5,"43":5,"44":5,"45":5,"46":5,"47":4,"48":5,"49":2,"50":5,"51":5,"52":5,"53":5,"54":2,"55":2,"56":1,"57":1,"58":1,"59":12,"60":2,"61":10,"62":1,"63":9,"64":9,"65":23,"66":23,"67":8,"68":1,"69":1,"70":0,"71":4,"72":3,"73":1,"74":0,"75":1,"76":1,"77":0,"78":1,"79":1,"80":0,"81":1,"82":84,"83":22,"84":8},"f":{"0":34,"1":12,"2":5,"3":5,"4":2,"5":12,"6":4,"7":1,"8":1,"9":84,"10":22,"11":8},"b":{"0":[5,29],"1":[12,5,5,7],"2":[0,12],"3":[0,12],"4":[0,13],"5":[5,8],"6":[13,5],"7":[4,1],"8":[5,3],"9":[1,4],"10":[5,4],"11":[0,5],"12":[0,5],"13":[1,4],"14":[5,5],"15":[0,4],"16":[4,1],"17":[4,1],"18":[5,1],"19":[4,0],"20":[4,0],"21":[4,0],"22":[2,3],"23":[5,3],"24":[5,0],"25":[1,1],"26":[2,1],"27":[1,0],"28":[1,1],"29":[2,10],"30":[12,11],"31":[1,9],"32":[9,0],"33":[8,15],"34":[23,8],"35":[1,0],"36":[3,1],"37":[0,1],"38":[0,1],"39":[1,0],"40":[1,1],"41":[84,80,79],"42":[20,2],"43":[8,0],"44":[8,8]},"meta":{"lastBranch":45,"lastFunction":12,"lastStatement":85,"seen":{"f:12:16:12:39":0,"b:13:2:13:Infinity:undefined:undefined:undefined:undefined":0,"s:13:2:13:Infinity":0,"s:13:26:13:Infinity":1,"b:16:4:17:Infinity:18:4:19:Infinity:20:4:21:Infinity:22:4:23:Infinity":1,"s:15:2:24:Infinity":2,"s:17:6:17:Infinity":3,"s:19:6:19:Infinity":4,"s:21:6:21:Infinity":5,"s:23:6:23:Infinity":6,"f:27:9:27:23":1,"s:28:16:28:Infinity":7,"b:29:2:29:Infinity:undefined:undefined:undefined:undefined":2,"s:29:2:29:Infinity":8,"s:29:24:29:Infinity":9,"s:31:18:31:Infinity":10,"b:32:2:32:Infinity:undefined:undefin
[...]
ne":130},"4":{"name":"(anonymous_4)","decl":{"start":{"line":130,"column":8},"end":{"line":130,"column":9}},"loc":{"start":{"line":130,"column":16},"end":{"line":130,"column":69}},"line":130},"5":{"name":"(anonymous_5)","decl":{"start":{"line":132,"column":15},"end":{"line":132,"column":16}},"loc":{"start":{"line":133,"column":4},"end":{"line":133,"column":null}},"line":133},"6":{"name":"(anonymous_6)","decl":{"start":{"line":133,"column":8},"end":{"line":133,"column":9}},"loc":{"start":{"line":133,"column":16},"end":{"line":133,"column":71}},"line":133},"7":{"name":"(anonymous_7)","decl":{"start":{"line":135,"column":12},"end":{"line":135,"column":13}},"loc":{"start":{"line":135,"column":34},"end":{"line":135,"column":null}},"line":135},"8":{"name":"(anonymous_8)","decl":{"start":{"line":135,"column":38},"end":{"line":135,"column":39}},"loc":{"start":{"line":135,"column":46},"end":{"line":135,"column":92}},"line":135},"9":{"name":"(anonymous_9)","decl":{"start":{"line":136,"column":17},"end":{"line":136,"column":18}},"loc":{"start":{"line":136,"column":33},"end":{"line":136,"column":null}},"line":136},"10":{"name":"(anonymous_10)","decl":{"start":{"line":137,"column":13},"end":{"line":137,"column":14}},"loc":{"start":{"line":137,"column":25},"end":{"line":137,"column":null}},"line":137},"11":{"name":"(anonymous_11)","decl":{"start":{"line":139,"column":21},"end":{"line":139,"column":22}},"loc":{"start":{"line":139,"column":32},"end":{"line":139,"column":null}},"line":139},"12":{"name":"(anonymous_12)","decl":{"start":{"line":139,"column":36},"end":{"line":139,"column":37}},"loc":{"start":{"line":139,"column":43},"end":{"line":139,"column":71}},"line":139},"13":{"name":"(anonymous_13)","decl":{"start":{"line":141,"column":6},"end":{"line":141,"column":7}},"loc":{"start":{"line":141,"column":18},"end":{"line":141,"column":null}},"line":141},"14":{"name":"(anonymous_14)","decl":{"start":{"line":143,"column":13},"end":{"line":143,"column":14}},"loc":{"start":{"line":144,"column":4},"end":{"line":148,"column":null}},"line":144},"15":{"name":"(anonymous_15)","decl":{"start":{"line":144,"column":8},"end":{"line":144,"column":9}},"loc":{"start":{"line":144,"column":16},"end":{"line":148,"column":6}},"line":144},"16":{"name":"(anonymous_16)","decl":{"start":{"line":150,"column":17},"end":{"line":150,"column":18}},"loc":{"start":{"line":151,"column":4},"end":{"line":151,"column":null}},"line":151},"17":{"name":"(anonymous_17)","decl":{"start":{"line":151,"column":8},"end":{"line":151,"column":9}},"loc":{"start":{"line":151,"column":16},"end":{"line":151,"column":62}},"line":151},"18":{"name":"(anonymous_18)","decl":{"start":{"line":153,"column":11},"end":{"line":153,"column":12}},"loc":{"start":{"line":153,"column":21},"end":{"line":153,"column":null}},"line":153},"19":{"name":"(anonymous_19)","decl":{"start":{"line":154,"column":13},"end":{"line":154,"column":14}},"loc":{"start":{"line":154,"column":25},"end":{"line":154,"column":null}},"line":154},"20":{"name":"(anonymous_20)","decl":{"start":{"line":156,"column":14},"end":{"line":156,"column":15}},"loc":{"start":{"line":156,"column":22},"end":{"line":156,"column":null}},"line":156},"21":{"name":"(anonymous_21)","decl":{"start":{"line":156,"column":26},"end":{"line":156,"column":27}},"loc":{"start":{"line":156,"column":34},"end":{"line":156,"column":92}},"line":156},"22":{"name":"(anonymous_22)","decl":{"start":{"line":157,"column":12},"end":{"line":157,"column":13}},"loc":{"start":{"line":157,"column":23},"end":{"line":157,"column":null}},"line":157},"23":{"name":"(anonymous_23)","decl":{"start":{"line":158,"column":16},"end":{"line":158,"column":17}},"loc":{"start":{"line":158,"column":31},"end":{"line":158,"column":null}},"line":158},"24":{"name":"(anonymous_24)","decl":{"start":{"line":161,"column":12},"end":{"line":161,"column":18}},"loc":{"start":{"line":161,"column":18},"end":{"line":176,"column":null}},"line":161},"25":{"name":"(anonymous_25)","decl":{"start":{"line":163,"column":30},"end":{"line":163,"column":31}},"loc":{"start":{"line":163,"column":37},"end":{"line":163,"column":53}},"line":163},"26":{"name":"(anonymous_26)","decl":{"start":{"line":172,"column":52},"end":{"line":172,"column":53}},"loc":{"start":{"line":172,"column":62},"end":{"line":172,"column":74}},"line":172},"27":{"name":"(anonymous_27)","decl":{"start":{"line":173,"column":53},"end":{"line":173,"column":54}},"loc":{"start":{"line":173,"column":63},"end":{"line":173,"column":75}},"line":173},"28":{"name":"(anonymous_28)","decl":{"start":{"line":178,"column":14},"end":{"line":178,"column":20}},"loc":{"start":{"line":178,"column":20},"end":{"line":178,"column":null}},"line":178},"29":{"name":"(anonymous_29)","decl":{"start":{"line":180,"column":14},"end":{"line":180,"column":15}},"loc":{"start":{"line":180,"column":25},"end":{"line":180,"column":null}},"line":180},"30":{"name":"(anonymous_30)","decl":{"start":{"line":180,"column":29},"end":{"line":180,"column":30}},"loc":{"start":{"line":180,"column":37},"end":{"line":180,"column":88}},"line":180},"31":{"name":"(anonymous_31)","decl":{"start":{"line":182,"column":20},"end":{"line":182,"column":21}},"loc":{"start":{"line":183,"column":4},"end":{"line":185,"column":null}},"line":183},"32":{"name":"(anonymous_32)","decl":{"start":{"line":183,"column":8},"end":{"line":183,"column":9}},"loc":{"start":{"line":184,"column":6},"end":{"line":184,"column":null}},"line":184},"33":{"name":"(anonymous_33)","decl":{"start":{"line":187,"column":18},"end":{"line":187,"column":19}},"loc":{"start":{"line":188,"column":4},"end":{"line":190,"column":null}},"line":188},"34":{"name":"(anonymous_34)","decl":{"start":{"line":188,"column":8},"end":{"line":188,"column":9}},"loc":{"start":{"line":189,"column":6},"end":{"line":189,"column":null}},"line":189},"35":{"name":"(anonymous_35)","decl":{"start":{"line":192,"column":16},"end":{"line":192,"column":17}},"loc":{"start":{"line":192,"column":31},"end":{"line":192,"column":null}},"line":192},"36":{"name":"(anonymous_36)","decl":{"start":{"line":193,"column":15},"end":{"line":193,"column":16}},"loc":{"start":{"line":193,"column":29},"end":{"line":193,"column":null}},"line":193},"37":{"name":"(anonymous_37)","decl":{"start":{"line":194,"column":16},"end":{"line":194,"column":17}},"loc":{"start":{"line":194,"column":31},"end":{"line":194,"column":null}},"line":194},"38":{"name":"(anonymous_38)","decl":{"start":{"line":195,"column":16},"end":{"line":195,"column":17}},"loc":{"start":{"line":195,"column":26},"end":{"line":195,"column":null}},"line":195},"39":{"name":"(anonymous_39)","decl":{"start":{"line":195,"column":30},"end":{"line":195,"column":31}},"loc":{"start":{"line":195,"column":38},"end":{"line":195,"column":91}},"line":195},"40":{"name":"selectSidebarAgents","decl":{"start":{"line":208,"column":16},"end":{"line":208,"column":36}},"loc":{"start":{"line":208,"column":65},"end":{"line":212,"column":null}},"line":208},"41":{"name":"(anonymous_41)","decl":{"start":{"line":211,"column":29},"end":{"line":211,"column":30}},"loc":{"start":{"line":211,"column":36},"end":{"line":211,"column":68}},"line":211},"42":{"name":"selectGridAgents","decl":{"start":{"line":214,"column":16},"end":{"line":214,"column":33}},"loc":{"start":{"line":214,"column":62},"end":{"line":223,"column":null}},"line":214},"43":{"name":"(anonymous_43)","decl":{"start":{"line":218,"column":29},"end":{"line":218,"column":30}},"loc":{"start":{"line":218,"column":40},"end":{"line":222,"column":3}},"line":218},"44":{"name":"(anonymous_44)","decl":{"start":{"line":221,"column":25},"end":{"line":221,"column":26}},"loc":{"start":{"line":221,"column":32},"end":{"line":221,"column":65}},"line":221},"45":{"name":"selectCurrentAgent","decl":{"start":{"line":225,"column":16},"end":{"line":225,"column":35}},"loc":{"start":{"line":225,"column":69},"end":{"line":227,"column":null}},"line":225},"46":{"name":"(anonymous_46)","decl":{"start":{"line":226,"column":27},"end":{"line":226,"column":28}},"loc":{"start":{"line":226,"column":34},"end":{"line":226,"column":56}},"line":226},"47":{"name":"reduceSessionEvent","decl":{"start":{"line":234,"column":16},"end":{"line":234,"column":null}},"loc":{"start":{"line":237,"column":24},"end":{"line":284,"column":null}},"line":237},"48":{"name":"(anonymous_48)","decl":{"start":{"line":248,"column":39},"end":{"line":248,"column":40}},"loc":{"start":{"line":248,"column":46},"end":{"line":248,"column":71}},"line":248},"49":{"name":"(anonymous_49)","decl":{"start":{"line":253,"column":25},"end":{"line":253,"column":26}},"loc":{"start":{"line":253,"column":33},"end":{"line":253,"column":79}},"line":253},"50":{"name":"(anonymous_50)","decl":{"start":{"line":279,"column":45},"end":{"line":279,"column":46}},"loc":{"start":{"line":279,"column":52},"end":{"line":279,"column":77}},"line":279},"51":{"name":"withSessionStatus","decl":{"start":{"line":287,"column":9},"end":{"line":287,"column":null}},"loc":{"start":{"line":291,"column":29},"end":{"line":301,"column":null}},"line":291},"52":{"name":"(anonymous_52)","decl":{"start":{"line":295,"column":30},"end":{"line":295,"column":31}},"loc":{"start":{"line":295,"column":37},"end":{"line":295,"column":55}},"line":295},"53":{"name":"(anonymous_53)","decl":{"start":{"line":296,"column":17},"end":{"line":296,"column":18}},"loc":{"start":{"line":296,"column":25},"end":{"line":296,"column":67}},"line":296}},"branchMap":{"0":{"loc":{"start":{"line":147,"column":12},"end":{"line":147,"column":null}},"type":"cond-expr","locations":[{"start":{"line":147,"column":24},"end":{"line":147,"column":62}},{"start":{"line":147,"column":62},"end":{"line":147,"column":null}}],"line":147},"1":{"loc":{"start":{"line":164,"column":4},"end":{"line":164,"column":null}},"type":"if","locations":[{"start":{"line":164,"column":4},"end":{"line":164,"column":null}},{"start":{},"end":{}}],"line":164},"2":{"loc":{"start":{"line":180,"column":37},"end":{"line":180,"column":88}},"type":"cond-expr","locations":[{"start":{"line":180,"column":47},"end":{"line":180,"column":85}},{"start":{"line":180,"column":85},"end":{"line":180,"column":88}}],"line":180},"3":{"loc":{"start":{"line":184,"column":6},"end":{"line":184,"column":null}},"type":"cond-expr","locations":[{"start":{"line":184,"column":16},"end":{"line":184,"column":106}},{"start":{"line":184,"column":106},"end":{"line":184,"column":null}}],"line":184},"4":{"loc":{"start":{"line":189,"column":6},"end":{"line":189,"column":null}},"type":"cond-expr","locations":[{"start":{"line":189,"column":16},"end":{"line":189,"column":97}},{"start":{"line":189,"column":97},"end":{"line":189,"column":null}}],"line":189},"5":{"loc":{"start":{"line":210,"column":2},"end":{"line":210,"column":null}},"type":"if","locations":[{"start":{"line":210,"column":2},"end":{"line":210,"column":null}},{"start":{},"end":{}}],"line":210},"6":{"loc":{"start":{"line":216,"column":2},"end":{"line":216,"column":null}},"type":"if","locations":[{"start":{"line":216,"column":2},"end":{"line":216,"column":null}},{"start":{},"end":{}}],"line":216},"7":{"loc":{"start":{"line":219,"column":4},"end":{"line":219,"column":null}},"type":"if","locations":[{"start":{"line":219,"column":4},"end":{"line":219,"column":null}},{"start":{},"end":{}}],"line":219},"8":{"loc":{"start":{"line":220,"column":21},"end":{"line":220,"column":null}},"type":"binary-expr","locations":[{"start":{"line":220,"column":21},"end":{"line":220,"column":49}},{"start":{"line":220,"column":49},"end":{"line":220,"column":null}}],"line":220},"9":{"loc":{"start":{"line":226,"column":9},"end":{"line":226,"column":null}},"type":"binary-expr","locations":[{"start":{"line":226,"column":9},"end":{"line":226,"column":61}},{"start":{"line":226,"column":61},"end":{"line":226,"column":null}}],"line":226},"10":{"loc":{"start":{"line":238,"column":2},"end":{"line":283,"column":null}},"type":"switch","locations":[{"start":{"line":239,"column":4},"end":{"line":244,"column":null}},{"start":{"line":246,"column":4},"end":{"line":256,"column":null}},{"start":{"line":258,"column":4},"end":{"line":259,"column":null}},{"start":{"line":261,"column":4},"end":{"line":262,"column":null}},{"start":{"line":264,"column":4},"end":{"line":265,"column":null}},{"start":{"line":267,"column":4},"end":{"line":272,"column":null}},{"start":{"line":274,"column":4},"end":{"line":282,"column":null}}],"line":238},"11":{"loc":{"start":{"line":240,"column":23},"end":{"line":240,"column":null}},"type":"binary-expr","locations":[{"start":{"line":240,"column":23},"end":{"line":240,"column":58}},{"start":{"line":240,"column":58},"end":{"line":240,"column":null}}],"line":240},"12":{"loc":{"start":{"line":247,"column":23},"end":{"line":247,"column":null}},"type":"binary-expr","locations":[{"start":{"line":247,"column":23},"end":{"line":247,"column":58}},{"start":{"line":247,"column":58},"end":{"line":247,"column":null}}],"line":247},"13":{"loc":{"start":{"line":251,"column":8},"end":{"line":253,"column":null}},"type":"cond-expr","locations":[{"start":{"line":252,"column":12},"end":{"line":252,"column":null}},{"start":{"line":253,"column":12},"end":{"line":253,"column":null}}],"line":251},"14":{"loc":{"start":{"line":253,"column":33},"end":{"line":253,"column":79}},"type":"cond-expr","locations":[{"start":{"line":253,"column":61},"end":{"line":253,"column":77}},{"start":{"line":253,"column":77},"end":{"line":253,"column":79}}],"line":253},"15":{"loc":{"start":{"line":268,"column":23},"end":{"line":268,"column":null}},"type":"binary-expr","locations":[{"start":{"line":268,"column":23},"end":{"line":268,"column":59}},{"start":{"line":268,"column":59},"end":{"line":268,"column":null}}],"line":268},"16":{"loc":{"start":{"line":275,"column":23},"end":{"line":275,"column":null}},"type":"binary-expr","locations":[{"start":{"line":275,"column":23},"end":{"line":275,"column":59}},{"start":{"line":275,"column":59},"end":{"line":275,"column":null}}],"line":275},"17":{"loc":{"start":{"line":295,"column":20},"end":{"line":297,"column":null}},"type":"cond-expr","locations":[{"start":{"line":296,"column":8},"end":{"line":296,"column":null}},{"start":{"line":297,"column":8},"end":{"line":297,"column":null}}],"line":295},"18":{"loc":{"start":{"line":296,"column":25},"end":{"line":296,"column":67}},"type":"cond-expr","locations":[{"start":{"line":296,"column":46},"end":{"line":296,"column":65}},{"start":{"line":296,"column":65},"end":{"line":296,"column":67}}],"line":296}},"s":{"0":7,"1":7,"2":9,"3":3,"4":17,"5":17,"6":12,"7":12,"8":1,"9":1,"10":2,"11":1,"12":1,"13":1,"14":10,"15":13,"16":13,"17":2,"18":2,"19":2,"20":3,"21":6,"22":6,"23":6,"24":15,"25":16,"26":16,"27":16,"28":16,"29":1,"30":15,"31":20,"32":15,"33":6,"34":12,"35":12,"36":4,"37":4,"38":1,"39":1,"40":1,"41":9,"42":1,"43":2,"44":2,"45":7,"46":137,"47":137,"48":112,"49":25,"50":51,"51":148,"52":148,"53":86,"54":62,"55":186,"56":56,"57":130,"58":186,"59":1,"60":90,"61":94,"62":17,"63":3,"64":3,"65":2,"66":2,"67":1,"68":2,"69":2,"70":2,"71":3,"72":3,"73":2,"74":2,"75":2,"76":2,"77":2,"78":3,"79":3,"80":3,"81":4,"82":4,"83":2,"84":3},"f":{"0":7,"1":9,"2":3,"3":17,"4":17,"5":12,"6":12,"7":1,"8":1,"9":2,"10":1,"11":1,"12":1,"13":10,"14":13,"15":13,"16":2,"17":2,"18":2,"19":3,"20":6,"21":6,"22":6,"23":15,"24":16,"25":16,"26":20,"27":15,"28":6,"29":12,"30":12,"31":4,"32":4,"33":1,"34":1,"35":1,"36":9,"37":1,"38":2,"39":2,"40":137,"41":51,"42":148,"43":186,"44":1,"45":90,"46":94,"47":17,"48":1,"49":2,"50":3,"51":3,"52":4,"53":2},"b":{"0":[7,6],"1":[1,15],"2":[11,1],"3":[3,1],"4":[0,1],"5":[112,25],"6":[86,62],"7":[56,130],"8":[130,129],"9":[90,6],"10":[3,2,3,3,2,2,2],"11":[3,2],"12":[2,1],"13":[1,1],"14":[1,1],"15":[2,1],"16":[2,0],"17":[2,2],"18":[2,0]},"meta":{"lastBranch":19,"lastFunction":54,"lastStatement":85,"seen":{"s:98:13:196:Infinity":0,"f:98:45:98:46":0,"s:98:60:196:2":1,"f:127:11:127:12":1,"s:127:21:127:Infinity":2,"f:128:13:128:14":2,"s:128:25:128:Infinity":3,"f:129:15:129:16":3,"s:130:4:130:Infinity":4,"f:130:8:130:9":4,"s:130:16:130:69":5,"f:132:15:132:16":5,"s:133:4:133:Infinity":6,"f:133:8:133:9":6,"s:133:16:133:71":7,"f:135:12:135:13":7,"s:135:34:135:Infinity":8,"f:135:38:135:39":8,"s:135:46:135:92":9,"f:136:17:136:18":9,"s:136:33:136:Infinity":10,"f:137:13:137:14":10,"s:137:25:137:Infinity":11,"f:139:21:139:22":11,"s:139:32:139:Infinity":12,"f:139:36:139:37":12,"s:139:43:139:71":13,"f:141:6:141:7":13,"s:141:18:141:Infinity":14,"f:143:13:143:14":14,"s:144:4:148:Infinity":15,"f:144:8:144:9":15,"s:144:16:148:6":16,"b:147:24:147:62:147:62:147:Infinity":0,"f:150:17:150:18":16,"s:151:4:151:Infinity":17,"f:151:8:151:9":17,"s:151:16:151:62":18,"f:153:11:153:12":18,"s:153:21:153:Infinity":19,"f:154:13:154:14":19,"s:154:25:154:Infinity":20,"f:156:14:156:15":20,"s:156:22:156:Infinity":21,"f:156:26:156:27":21,"s:156:34:156:92":22,"f:157:12:157:13":22,"s:157:23:157:Infinity":23,"f:158:16:158:17":23,"s:158:31:158:Infinity":24,"f:161:12:161:18":24,"s:162:32:162:Infinity":25,"s:163:18:163:Infinity":26,"f:163:30:163:31":25,"s:163:37:163:53":27,"b:164:4:164:Infinity:undefined:undefined:undefined:undefined":1,"s:164:4:164:Infinity":28,"s:164:16:164:Infinity":29,"s:166:4:175:Infinity":30,"f:172:52:172:53":26,"s:172:62:172:74":31,"f:173:53:173:54":27,"s:173:63:173:75":32,"f:178:14:178:20":28,"s:178:20:178:Infinity":33,"f:180:14:180:15":29,"s:180:25:180:Infinity":34,"f:180:29:180:30":30,"s:180:37:180:88":35,"b:180:47:180:85:180:85:180:88":2,"f:182:20:182:21":31,"s:183:4:185:Infinity":36,"f:183:8:183:9":32,"s:184:6:184:Infinity":37,"b:184:16:184:106:184:106:184:Infinity":3,"f:187:18:187:19":33,"s:188:4:190:Infinity":38,"f:188:8:188:9":34,"s:189:6:189:Infinity":39,"b:189:16:189:97:189:97:189:Infinity":4,"f:192:16:192:17":35,"s:192:31:192:Infinity":40,"f:193:15:193:16":36,"s:193:29:193:Infinity":41,"f:194:16:194:17":37,"s:194:31:194:Infinity":42,"f:195:16:195:17":38,"s:195:26:195:Infinity":43,"f:195:30:195:31":39,"s:195:38:195:91":44,"s:206:47:206:Infinity":45,"f:208:16:208:36":40,"s:209:12:209:Infinity":46,"b:210:2:210:Infinity:undefined:undefined:undefined:undefined":5,"s:210:2:210:Infinity":47,"s:210:16:210:Infinity":48,"s:211:2:211:Infinity":49,"f:211:29:211:30":41,"s:211:36:211:68":50,"f:214:16:214:33":42,"s:215:12:215:Infinity":51,"b:216:2:216:Infinity:undefined:undefined:undefined:undefined":6,"s:216:2:216:Infinity":52,"s:216:16:216:Infinity":53,"s:218:2:222:Infinity":54,"f:218:29:218:30":43,"b:219:4:219:Infinity:undefined:undefined:undefined:undefined":7,"s:219:4:219:Infinity":55,"s:219:46:219:Infinity":56,"s:220:21:220:Infinity":57,"b:220:21:220:49:220:49:220:Infinity":8,"s:221:4:221:Infinity":58,"f:221:25:221:26":44,"s:221:32:221:65":59,"f:225:16:225:35":45,"s:226:2:226:Infinity":60,"b:226:9:226:61:226:61:226:Infinity":9,"f:226:27:226:28":46,"s:226:34:226:56":61,"f:234:16:234:Infinity":47,"b:239:4:244:Infinity:246:4:256:Infinity:258:4:259:Infinity:261:4:262:Infinity:264:4:265:Infinity:267:4:272:Infinity:274:4:282:Infinity":10,"s:238:2:283:Infinity":62,"s:240:23:240:Infinity":63,"b:240:23:240:58:240:58:240:Infinity":11,"s:241:6:243:Infinity":64,"s:247:23:247:Infinity":65,"b:247:23:247:58:247:58:247:Infinity":12,"s:248:20:248:Infinity":66,"f:248:39:248:40":48,"s:248:46:248:71":67,"s:251:8:253:Infinity":68,"b:252:12:252:Infinity:253:12:253:Infinity":13,"f:253:25:253:26":49,"s:253:33:253:79":69,"b:253:61:253:77:253:77:253:79":14,"s:255:6:255:Infinity":70,"s:259:6:259:Infinity":71,"s:262:6:262:Infinity":72,"s:265:6:265:Infinity":73,"s:268:23:268:Infinity":74,"b:268:23:268:59:268:59:268:Infinity":15,"s:269:6:271:Infinity":75,"s:275:23:275:Infinity":76,"b:275:23:275:59:275:59:275:Infinity":16,"s:276:6:281:Infinity":77,"f:279:45:279:46":50,"s:279:52:279:77":78,"f:287:9:287:Infinity":51,"s:292:42:292:Infinity":79,"s:294:2:298:Infinity":80,"s:295:4:297:Infinity":81,"b:296:8:296:Infinity:297:8:297:Infinity":17,"f:295:30:295:31":52,"s:295:37:295:55":82,"f:296:17:296:18":53,"s:296:25:296:67":83,"b:296:46:296:65:296:65:296:67":18,"s:300:2:300:Infinity":84},"fnNames":{}}}
}
